+ cat /var/spool/slurmd/job6132695/slurm_script
#!/bin/bash -l
#SBATCH -A uppmax2022-2-5 -M snowy
#SBATCH -p core
#SBATCH -n 2
#SBATCH -J megahit_D3DNA_04-18
#SBATCH -t 7:00:00
#SBATCH --mail-type=ALL
#SBATCH --mail-user jay.hakansson.4449@student.uu.se


#for troubleshooting
set -x

cat $0
echo QOS = $SLURM_JOB_QOS

#work in node-local storage
cd $SNIC_TMP
module load bioinfo-tools megahit

cp /proj/genomeanalysis2022/Genome_Analysis/3_Thrash_2017/DNA_trimmed/SRR4342133_1.paired.trimmed.fastq.gz D3DNA_trimmed_1.fastq.gz
cp /proj/genomeanalysis2022/Genome_Analysis/3_Thrash_2017/DNA_trimmed/SRR4342133_2.paired.trimmed.fastq.gz D3DNA_trimmed_2.fastq.gz

gzip -d D3DNA_trimmed_1.fastq.gz
gzip -d D3DNA_trimmed_2.fastq.gz

megahit --kmin-1pass --k-min 65  --k-max 105 --k-step 10 -1 D3DNA_trimmed_1.fastq -2 D3DNA_trimmed_2.fastq -o $HOME/genome_analysis_project/Genome-Analysis-VT22/data/assembly/D3DNA_assembly/megahit_04-18
+ echo QOS = normal
QOS = normal
+ cd /scratch/6132695
+ module load bioinfo-tools megahit
++ /usr/share/lmod/lmod/libexec/lmod bash load bioinfo-tools megahit
+ eval '__LMOD_REF_COUNT_LOADEDMODULES=uppmax:2\;bioinfo-tools:2\;megahit/1.2.9:2;' export '__LMOD_REF_COUNT_LOADEDMODULES;' 'LOADEDMODULES=uppmax:bioinfo-tools:megahit/1.2.9;' export 'LOADEDMODULES;' '__LMOD_REF_COUNT_MODULEPATH=/sw/mf/snowy/bioinfo-tools/annotation:1\;/sw/mf/snowy/bioinfo-tools/alignment:1\;/sw/mf/snowy/bioinfo-tools/assembly:1\;/sw/mf/snowy/bioinfo-tools/misc:1\;/sw/mf/snowy/bioinfo-tools/phylogeny:1\;/sw/mf/snowy/bioinfo-tools/pipelines:1\;/sw/mf/snowy/bioinfo-tools/sw_collections:1\;/sw/mf/snowy/applications:1\;/sw/mf/snowy/build-tools:1\;/sw/mf/snowy/compilers:1\;/sw/mf/snowy/data:1\;/sw/mf/snowy/environment:1\;/sw/mf/snowy/libraries:1\;/sw/mf/snowy/parallel:1;' export '__LMOD_REF_COUNT_MODULEPATH;' 'MODULEPATH=/sw/mf/snowy/bioinfo-tools/annotation:/sw/mf/snowy/bioinfo-tools/alignment:/sw/mf/snowy/bioinfo-tools/assembly:/sw/mf/snowy/bioinfo-tools/misc:/sw/mf/snowy/bioinfo-tools/phylogeny:/sw/mf/snowy/bioinfo-tools/pipelines:/sw/mf/snowy/bioinfo-tools/sw_collections:/sw/mf/snowy/applications:/sw/mf/snowy/build-tools:/sw/mf/snowy/compilers:/sw/mf/snowy/data:/sw/mf/snowy/environment:/sw/mf/snowy/libraries:/sw/mf/snowy/parallel;' export 'MODULEPATH;' '__LMOD_REF_COUNT_PATH=/sw/apps/bioinfo/megahit/1.2.9/snowy:1\;/home/jay/bin:2\;/sw/apps/bioinfo/megahit/1.2.9/rackham:1\;/usr/local/bin:1\;/usr/bin:1\;/usr/local/sbin:1\;/usr/sbin:1\;/sw/uppmax/bin:2;' export '__LMOD_REF_COUNT_PATH;' 'PATH=/sw/apps/bioinfo/megahit/1.2.9/snowy:/home/jay/bin:/sw/apps/bioinfo/megahit/1.2.9/rackham:/usr/local/bin:/usr/bin:/usr/local/sbin:/usr/sbin:/sw/uppmax/bin;' export 'PATH;' '__LMOD_REF_COUNT__LMFILES_=/sw/mf/snowy/environment/bioinfo-tools:1\;/sw/mf/snowy/bioinfo-tools/assembly/megahit/1.2.9:1;' export '__LMOD_REF_COUNT__LMFILES_;' '_LMFILES_=/sw/mf/snowy/environment/bioinfo-tools:/sw/mf/snowy/bioinfo-tools/assembly/megahit/1.2.9;' export '_LMFILES_;' '_ModuleTable001_=X01vZHVsZVRhYmxlXz17WyJNVHZlcnNpb24iXT0zLFsiY19yZWJ1aWxkVGltZSJdPWZhbHNlLFsiY19zaG9ydFRpbWUiXT1mYWxzZSxkZXB0aFQ9e30sZmFtaWx5PXt9LG1UPXtbImJpb2luZm8tdG9vbHMiXT17WyJmbiJdPSIvc3cvbWYvc25vd3kvZW52aXJvbm1lbnQvYmlvaW5mby10b29scyIsWyJmdWxsTmFtZSJdPSJiaW9pbmZvLXRvb2xzIixbImxvYWRPcmRlciJdPTEscHJvcFQ9e30sWyJzdGFja0RlcHRoIl09MCxbInN0YXR1cyJdPSJhY3RpdmUiLFsidXNlck5hbWUiXT0iYmlvaW5mby10b29scyIsfSxtZWdhaGl0PXtbImZuIl09Ii9zdy9tZi9zbm93eS9iaW9pbmZvLXRvb2xzL2Fzc2VtYmx5L21lZ2FoaXQvMS4yLjkiLFsiZnVsbE5hbWUiXT0ibWVnYWhpdC8xLjIu;' export '_ModuleTable001_;' '_ModuleTable002_=OSIsWyJsb2FkT3JkZXIiXT0yLHByb3BUPXt9LFsic3RhY2tEZXB0aCJdPTAsWyJzdGF0dXMiXT0iYWN0aXZlIixbInVzZXJOYW1lIl09Im1lZ2FoaXQiLH0sfSxtcGF0aEE9eyIvc3cvbWYvc25vd3kvYmlvaW5mby10b29scy9hbm5vdGF0aW9uIiwiL3N3L21mL3Nub3d5L2Jpb2luZm8tdG9vbHMvYWxpZ25tZW50IiwiL3N3L21mL3Nub3d5L2Jpb2luZm8tdG9vbHMvYXNzZW1ibHkiLCIvc3cvbWYvc25vd3kvYmlvaW5mby10b29scy9taXNjIiwiL3N3L21mL3Nub3d5L2Jpb2luZm8tdG9vbHMvcGh5bG9nZW55IiwiL3N3L21mL3Nub3d5L2Jpb2luZm8tdG9vbHMvcGlwZWxpbmVzIiwiL3N3L21mL3Nub3d5L2Jpb2luZm8tdG9vbHMvc3dfY29sbGVjdGlvbnMiLCIvc3cvbWYvc25v;' export '_ModuleTable002_;' '_ModuleTable003_=d3kvYXBwbGljYXRpb25zIiwiL3N3L21mL3Nub3d5L2J1aWxkLXRvb2xzIiwiL3N3L21mL3Nub3d5L2NvbXBpbGVycyIsIi9zdy9tZi9zbm93eS9kYXRhIiwiL3N3L21mL3Nub3d5L2Vudmlyb25tZW50IiwiL3N3L21mL3Nub3d5L2xpYnJhcmllcyIsIi9zdy9tZi9zbm93eS9wYXJhbGxlbCIsfSxbInN5c3RlbUJhc2VNUEFUSCJdPSIvc3cvbWYvc25vd3kvYXBwbGljYXRpb25zOi9zdy9tZi9zbm93eS9idWlsZC10b29sczovc3cvbWYvc25vd3kvY29tcGlsZXJzOi9zdy9tZi9zbm93eS9kYXRhOi9zdy9tZi9zbm93eS9lbnZpcm9ubWVudDovc3cvbWYvc25vd3kvbGlicmFyaWVzOi9zdy9tZi9zbm93eS9wYXJhbGxlbCIsfQ==;' export '_ModuleTable003_;' '_ModuleTable_Sz_=3;' export '_ModuleTable_Sz_;'
++ __LMOD_REF_COUNT_LOADEDMODULES='uppmax:2;bioinfo-tools:2;megahit/1.2.9:2'
++ export __LMOD_REF_COUNT_LOADEDMODULES
++ LOADEDMODULES=uppmax:bioinfo-tools:megahit/1.2.9
++ export LOADEDMODULES
++ __LMOD_REF_COUNT_MODULEPATH='/sw/mf/snowy/bioinfo-tools/annotation:1;/sw/mf/snowy/bioinfo-tools/alignment:1;/sw/mf/snowy/bioinfo-tools/assembly:1;/sw/mf/snowy/bioinfo-tools/misc:1;/sw/mf/snowy/bioinfo-tools/phylogeny:1;/sw/mf/snowy/bioinfo-tools/pipelines:1;/sw/mf/snowy/bioinfo-tools/sw_collections:1;/sw/mf/snowy/applications:1;/sw/mf/snowy/build-tools:1;/sw/mf/snowy/compilers:1;/sw/mf/snowy/data:1;/sw/mf/snowy/environment:1;/sw/mf/snowy/libraries:1;/sw/mf/snowy/parallel:1'
++ export __LMOD_REF_COUNT_MODULEPATH
++ MODULEPATH=/sw/mf/snowy/bioinfo-tools/annotation:/sw/mf/snowy/bioinfo-tools/alignment:/sw/mf/snowy/bioinfo-tools/assembly:/sw/mf/snowy/bioinfo-tools/misc:/sw/mf/snowy/bioinfo-tools/phylogeny:/sw/mf/snowy/bioinfo-tools/pipelines:/sw/mf/snowy/bioinfo-tools/sw_collections:/sw/mf/snowy/applications:/sw/mf/snowy/build-tools:/sw/mf/snowy/compilers:/sw/mf/snowy/data:/sw/mf/snowy/environment:/sw/mf/snowy/libraries:/sw/mf/snowy/parallel
++ export MODULEPATH
++ __LMOD_REF_COUNT_PATH='/sw/apps/bioinfo/megahit/1.2.9/snowy:1;/home/jay/bin:2;/sw/apps/bioinfo/megahit/1.2.9/rackham:1;/usr/local/bin:1;/usr/bin:1;/usr/local/sbin:1;/usr/sbin:1;/sw/uppmax/bin:2'
++ export __LMOD_REF_COUNT_PATH
++ PATH=/sw/apps/bioinfo/megahit/1.2.9/snowy:/home/jay/bin:/sw/apps/bioinfo/megahit/1.2.9/rackham:/usr/local/bin:/usr/bin:/usr/local/sbin:/usr/sbin:/sw/uppmax/bin
++ export PATH
++ __LMOD_REF_COUNT__LMFILES_='/sw/mf/snowy/environment/bioinfo-tools:1;/sw/mf/snowy/bioinfo-tools/assembly/megahit/1.2.9:1'
++ export __LMOD_REF_COUNT__LMFILES_
++ _LMFILES_=/sw/mf/snowy/environment/bioinfo-tools:/sw/mf/snowy/bioinfo-tools/assembly/megahit/1.2.9
++ export _LMFILES_
++ _ModuleTable001_=X01vZHVsZVRhYmxlXz17WyJNVHZlcnNpb24iXT0zLFsiY19yZWJ1aWxkVGltZSJdPWZhbHNlLFsiY19zaG9ydFRpbWUiXT1mYWxzZSxkZXB0aFQ9e30sZmFtaWx5PXt9LG1UPXtbImJpb2luZm8tdG9vbHMiXT17WyJmbiJdPSIvc3cvbWYvc25vd3kvZW52aXJvbm1lbnQvYmlvaW5mby10b29scyIsWyJmdWxsTmFtZSJdPSJiaW9pbmZvLXRvb2xzIixbImxvYWRPcmRlciJdPTEscHJvcFQ9e30sWyJzdGFja0RlcHRoIl09MCxbInN0YXR1cyJdPSJhY3RpdmUiLFsidXNlck5hbWUiXT0iYmlvaW5mby10b29scyIsfSxtZWdhaGl0PXtbImZuIl09Ii9zdy9tZi9zbm93eS9iaW9pbmZvLXRvb2xzL2Fzc2VtYmx5L21lZ2FoaXQvMS4yLjkiLFsiZnVsbE5hbWUiXT0ibWVnYWhpdC8xLjIu
++ export _ModuleTable001_
++ _ModuleTable002_=OSIsWyJsb2FkT3JkZXIiXT0yLHByb3BUPXt9LFsic3RhY2tEZXB0aCJdPTAsWyJzdGF0dXMiXT0iYWN0aXZlIixbInVzZXJOYW1lIl09Im1lZ2FoaXQiLH0sfSxtcGF0aEE9eyIvc3cvbWYvc25vd3kvYmlvaW5mby10b29scy9hbm5vdGF0aW9uIiwiL3N3L21mL3Nub3d5L2Jpb2luZm8tdG9vbHMvYWxpZ25tZW50IiwiL3N3L21mL3Nub3d5L2Jpb2luZm8tdG9vbHMvYXNzZW1ibHkiLCIvc3cvbWYvc25vd3kvYmlvaW5mby10b29scy9taXNjIiwiL3N3L21mL3Nub3d5L2Jpb2luZm8tdG9vbHMvcGh5bG9nZW55IiwiL3N3L21mL3Nub3d5L2Jpb2luZm8tdG9vbHMvcGlwZWxpbmVzIiwiL3N3L21mL3Nub3d5L2Jpb2luZm8tdG9vbHMvc3dfY29sbGVjdGlvbnMiLCIvc3cvbWYvc25v
++ export _ModuleTable002_
++ _ModuleTable003_=d3kvYXBwbGljYXRpb25zIiwiL3N3L21mL3Nub3d5L2J1aWxkLXRvb2xzIiwiL3N3L21mL3Nub3d5L2NvbXBpbGVycyIsIi9zdy9tZi9zbm93eS9kYXRhIiwiL3N3L21mL3Nub3d5L2Vudmlyb25tZW50IiwiL3N3L21mL3Nub3d5L2xpYnJhcmllcyIsIi9zdy9tZi9zbm93eS9wYXJhbGxlbCIsfSxbInN5c3RlbUJhc2VNUEFUSCJdPSIvc3cvbWYvc25vd3kvYXBwbGljYXRpb25zOi9zdy9tZi9zbm93eS9idWlsZC10b29sczovc3cvbWYvc25vd3kvY29tcGlsZXJzOi9zdy9tZi9zbm93eS9kYXRhOi9zdy9tZi9zbm93eS9lbnZpcm9ubWVudDovc3cvbWYvc25vd3kvbGlicmFyaWVzOi9zdy9tZi9zbm93eS9wYXJhbGxlbCIsfQ==
++ export _ModuleTable003_
++ _ModuleTable_Sz_=3
++ export _ModuleTable_Sz_
++ : -s sh
+ eval
+ cp /proj/genomeanalysis2022/Genome_Analysis/3_Thrash_2017/DNA_trimmed/SRR4342133_1.paired.trimmed.fastq.gz D3DNA_trimmed_1.fastq.gz
+ cp /proj/genomeanalysis2022/Genome_Analysis/3_Thrash_2017/DNA_trimmed/SRR4342133_2.paired.trimmed.fastq.gz D3DNA_trimmed_2.fastq.gz
+ gzip -d D3DNA_trimmed_1.fastq.gz
+ gzip -d D3DNA_trimmed_2.fastq.gz
+ megahit --kmin-1pass --k-min 65 --k-max 105 --k-step 10 -1 D3DNA_trimmed_1.fastq -2 D3DNA_trimmed_2.fastq -o /home/jay/genome_analysis_project/Genome-Analysis-VT22/data/assembly/D3DNA_assembly/megahit_04-18
2022-04-18 14:37:05 - MEGAHIT v1.2.9
2022-04-18 14:37:05 - Using megahit_core with POPCNT support
2022-04-18 14:37:05 - Convert reads to binary library
2022-04-18 14:38:32 - INFO  sequence/io/sequence_lib.cpp  :   75 - Lib 0 (/scratch/6132695/D3DNA_trimmed_1.fastq,/scratch/6132695/D3DNA_trimmed_2.fastq): pe, 59954188 reads, 101 max length
2022-04-18 14:38:36 - INFO  utils/utils.h                 :  152 - Real: 91.3170	user: 58.0100	sys: 11.6044	maxrss: 273456
2022-04-18 14:38:36 - Start assembly. Number of CPU threads 16 
2022-04-18 14:38:36 - k list: 65,75,85,95,105 
2022-04-18 14:38:36 - Memory used: 121485610598
2022-04-18 14:38:36 - Extracting solid (k+1)-mers and building sdbg for k = 65
2022-04-18 15:11:33 - Assemble contigs from SdBG for k = 65
2022-04-18 15:27:47 - Local assembly for k = 65
2022-04-18 15:49:08 - Extract iterative edges from k = 65 to 75 
2022-04-18 15:51:22 - Build graph for k = 75 
2022-04-18 15:53:08 - Assemble contigs from SdBG for k = 75
2022-04-18 16:00:55 - Local assembly for k = 75
2022-04-18 16:16:12 - Extract iterative edges from k = 75 to 85 
2022-04-18 16:17:47 - Build graph for k = 85 
2022-04-18 16:19:17 - Assemble contigs from SdBG for k = 85
2022-04-18 16:26:15 - Local assembly for k = 85
2022-04-18 16:37:38 - Extract iterative edges from k = 85 to 95 
2022-04-18 16:38:37 - Build graph for k = 95 
2022-04-18 16:39:52 - Assemble contigs from SdBG for k = 95
2022-04-18 16:46:18 - Local assembly for k = 95
2022-04-18 16:54:50 - Extract iterative edges from k = 95 to 105 
2022-04-18 16:54:55 - Build graph for k = 105 
2022-04-18 16:55:51 - Assemble contigs from SdBG for k = 105
2022-04-18 17:01:05 - Merging to output final contigs 
2022-04-18 17:01:07 - 166148 contigs, total 150487812 bp, min 200 bp, max 266140 bp, avg 905 bp, N50 1156 bp
2022-04-18 17:01:07 - ALL DONE. Time elapsed: 8642.367934 seconds 
