+ cat /var/spool/slurmd/job6128741/slurm_script
#!/bin/bash -l
#SBATCH -A uppmax2022-2-5 -M snowy
#SBATCH -p core
#SBATCH -n 2
#SBATCH -J D1RNA_trim_FASTQC
#SBATCH -t 15:00 --qos=short
#SBATCH --mail-type=ALL
#SBATCH --mail-user jay.hakansson.4449@student.uu.se

#Run FASTQC on my trimmomatic output files

#for troubleshooting
set -x

cat $0
echo QOS = $SLURM_JOB_QOS

#work in node-local storage
cd $SNIC_TMP

module load bioinfo-tools FastQC

#Copy trimmomatic files here
cp -r $HOME/genome_analysis_project/Genome-Analysis-VT22/data/trimmed_data/RNA_trimmed_12-04 RNA_trimmed_12-04

cd RNA_trimmed_12-04/

fastqc D1RNA_trimmed_1P.fq.gz  D1RNA_trimmed_1U.fq.gz  D1RNA_trimmed_2P.fq.gz  D1RNA_trimmed_2U.fq.gz -o $HOME/genome_analysis_project/Genome-Analysis-VT22/analyses/01_preprocessing/fastqc_trim/RNA_12-04
+ echo QOS = short
QOS = short
+ cd /scratch/6128741
+ module load bioinfo-tools FastQC
++ /usr/share/lmod/lmod/libexec/lmod bash load bioinfo-tools FastQC
+ eval '__LMOD_REF_COUNT_LOADEDMODULES=uppmax:2\;bioinfo-tools:1\;FastQC/0.11.9:1;' export '__LMOD_REF_COUNT_LOADEDMODULES;' 'LOADEDMODULES=uppmax:bioinfo-tools:FastQC/0.11.9;' export 'LOADEDMODULES;' '__LMOD_REF_COUNT_MODULEPATH=/sw/mf/snowy/bioinfo-tools/annotation:1\;/sw/mf/snowy/bioinfo-tools/alignment:1\;/sw/mf/snowy/bioinfo-tools/assembly:1\;/sw/mf/snowy/bioinfo-tools/misc:1\;/sw/mf/snowy/bioinfo-tools/phylogeny:1\;/sw/mf/snowy/bioinfo-tools/pipelines:1\;/sw/mf/snowy/bioinfo-tools/sw_collections:1\;/sw/mf/snowy/applications:1\;/sw/mf/snowy/build-tools:1\;/sw/mf/snowy/compilers:1\;/sw/mf/snowy/data:1\;/sw/mf/snowy/environment:1\;/sw/mf/snowy/libraries:1\;/sw/mf/snowy/parallel:1;' export '__LMOD_REF_COUNT_MODULEPATH;' 'MODULEPATH=/sw/mf/snowy/bioinfo-tools/annotation:/sw/mf/snowy/bioinfo-tools/alignment:/sw/mf/snowy/bioinfo-tools/assembly:/sw/mf/snowy/bioinfo-tools/misc:/sw/mf/snowy/bioinfo-tools/phylogeny:/sw/mf/snowy/bioinfo-tools/pipelines:/sw/mf/snowy/bioinfo-tools/sw_collections:/sw/mf/snowy/applications:/sw/mf/snowy/build-tools:/sw/mf/snowy/compilers:/sw/mf/snowy/data:/sw/mf/snowy/environment:/sw/mf/snowy/libraries:/sw/mf/snowy/parallel;' export 'MODULEPATH;' '__LMOD_REF_COUNT_PATH=/sw/bioinfo/FastQC/0.11.9/snowy:1\;/home/jay/bin:2\;/usr/local/bin:1\;/usr/bin:1\;/usr/local/sbin:1\;/usr/sbin:1\;/sw/uppmax/bin:2;' export '__LMOD_REF_COUNT_PATH;' 'PATH=/sw/bioinfo/FastQC/0.11.9/snowy:/home/jay/bin:/usr/local/bin:/usr/bin:/usr/local/sbin:/usr/sbin:/sw/uppmax/bin;' export 'PATH;' '__LMOD_REF_COUNT__LMFILES_=/sw/mf/snowy/environment/bioinfo-tools:1\;/sw/mf/snowy/bioinfo-tools/misc/FastQC/0.11.9:1;' export '__LMOD_REF_COUNT__LMFILES_;' '_LMFILES_=/sw/mf/snowy/environment/bioinfo-tools:/sw/mf/snowy/bioinfo-tools/misc/FastQC/0.11.9;' export '_LMFILES_;' '_ModuleTable001_=X01vZHVsZVRhYmxlXz17WyJNVHZlcnNpb24iXT0zLFsiY19yZWJ1aWxkVGltZSJdPWZhbHNlLFsiY19zaG9ydFRpbWUiXT1mYWxzZSxkZXB0aFQ9e30sZmFtaWx5PXt9LG1UPXtGYXN0UUM9e1siZm4iXT0iL3N3L21mL3Nub3d5L2Jpb2luZm8tdG9vbHMvbWlzYy9GYXN0UUMvMC4xMS45IixbImZ1bGxOYW1lIl09IkZhc3RRQy8wLjExLjkiLFsibG9hZE9yZGVyIl09Mixwcm9wVD17fSxbInN0YWNrRGVwdGgiXT0wLFsic3RhdHVzIl09ImFjdGl2ZSIsWyJ1c2VyTmFtZSJdPSJGYXN0UUMiLH0sWyJiaW9pbmZvLXRvb2xzIl09e1siZm4iXT0iL3N3L21mL3Nub3d5L2Vudmlyb25tZW50L2Jpb2luZm8tdG9vbHMiLFsiZnVsbE5hbWUiXT0iYmlvaW5mby10b29scyIsWyJsb2FkT3Jk;' export '_ModuleTable001_;' '_ModuleTable002_=ZXIiXT0xLHByb3BUPXt9LFsic3RhY2tEZXB0aCJdPTAsWyJzdGF0dXMiXT0iYWN0aXZlIixbInVzZXJOYW1lIl09ImJpb2luZm8tdG9vbHMiLH0sfSxtcGF0aEE9eyIvc3cvbWYvc25vd3kvYmlvaW5mby10b29scy9hbm5vdGF0aW9uIiwiL3N3L21mL3Nub3d5L2Jpb2luZm8tdG9vbHMvYWxpZ25tZW50IiwiL3N3L21mL3Nub3d5L2Jpb2luZm8tdG9vbHMvYXNzZW1ibHkiLCIvc3cvbWYvc25vd3kvYmlvaW5mby10b29scy9taXNjIiwiL3N3L21mL3Nub3d5L2Jpb2luZm8tdG9vbHMvcGh5bG9nZW55IiwiL3N3L21mL3Nub3d5L2Jpb2luZm8tdG9vbHMvcGlwZWxpbmVzIiwiL3N3L21mL3Nub3d5L2Jpb2luZm8tdG9vbHMvc3dfY29sbGVjdGlvbnMiLCIvc3cvbWYvc25vd3kvYXBw;' export '_ModuleTable002_;' '_ModuleTable003_=bGljYXRpb25zIiwiL3N3L21mL3Nub3d5L2J1aWxkLXRvb2xzIiwiL3N3L21mL3Nub3d5L2NvbXBpbGVycyIsIi9zdy9tZi9zbm93eS9kYXRhIiwiL3N3L21mL3Nub3d5L2Vudmlyb25tZW50IiwiL3N3L21mL3Nub3d5L2xpYnJhcmllcyIsIi9zdy9tZi9zbm93eS9wYXJhbGxlbCIsfSxbInN5c3RlbUJhc2VNUEFUSCJdPSIvc3cvbWYvc25vd3kvYXBwbGljYXRpb25zOi9zdy9tZi9zbm93eS9idWlsZC10b29sczovc3cvbWYvc25vd3kvY29tcGlsZXJzOi9zdy9tZi9zbm93eS9kYXRhOi9zdy9tZi9zbm93eS9lbnZpcm9ubWVudDovc3cvbWYvc25vd3kvbGlicmFyaWVzOi9zdy9tZi9zbm93eS9wYXJhbGxlbCIsfQ==;' export '_ModuleTable003_;' '_ModuleTable_Sz_=3;' export '_ModuleTable_Sz_;'
++ __LMOD_REF_COUNT_LOADEDMODULES='uppmax:2;bioinfo-tools:1;FastQC/0.11.9:1'
++ export __LMOD_REF_COUNT_LOADEDMODULES
++ LOADEDMODULES=uppmax:bioinfo-tools:FastQC/0.11.9
++ export LOADEDMODULES
++ __LMOD_REF_COUNT_MODULEPATH='/sw/mf/snowy/bioinfo-tools/annotation:1;/sw/mf/snowy/bioinfo-tools/alignment:1;/sw/mf/snowy/bioinfo-tools/assembly:1;/sw/mf/snowy/bioinfo-tools/misc:1;/sw/mf/snowy/bioinfo-tools/phylogeny:1;/sw/mf/snowy/bioinfo-tools/pipelines:1;/sw/mf/snowy/bioinfo-tools/sw_collections:1;/sw/mf/snowy/applications:1;/sw/mf/snowy/build-tools:1;/sw/mf/snowy/compilers:1;/sw/mf/snowy/data:1;/sw/mf/snowy/environment:1;/sw/mf/snowy/libraries:1;/sw/mf/snowy/parallel:1'
++ export __LMOD_REF_COUNT_MODULEPATH
++ MODULEPATH=/sw/mf/snowy/bioinfo-tools/annotation:/sw/mf/snowy/bioinfo-tools/alignment:/sw/mf/snowy/bioinfo-tools/assembly:/sw/mf/snowy/bioinfo-tools/misc:/sw/mf/snowy/bioinfo-tools/phylogeny:/sw/mf/snowy/bioinfo-tools/pipelines:/sw/mf/snowy/bioinfo-tools/sw_collections:/sw/mf/snowy/applications:/sw/mf/snowy/build-tools:/sw/mf/snowy/compilers:/sw/mf/snowy/data:/sw/mf/snowy/environment:/sw/mf/snowy/libraries:/sw/mf/snowy/parallel
++ export MODULEPATH
++ __LMOD_REF_COUNT_PATH='/sw/bioinfo/FastQC/0.11.9/snowy:1;/home/jay/bin:2;/usr/local/bin:1;/usr/bin:1;/usr/local/sbin:1;/usr/sbin:1;/sw/uppmax/bin:2'
++ export __LMOD_REF_COUNT_PATH
++ PATH=/sw/bioinfo/FastQC/0.11.9/snowy:/home/jay/bin:/usr/local/bin:/usr/bin:/usr/local/sbin:/usr/sbin:/sw/uppmax/bin
++ export PATH
++ __LMOD_REF_COUNT__LMFILES_='/sw/mf/snowy/environment/bioinfo-tools:1;/sw/mf/snowy/bioinfo-tools/misc/FastQC/0.11.9:1'
++ export __LMOD_REF_COUNT__LMFILES_
++ _LMFILES_=/sw/mf/snowy/environment/bioinfo-tools:/sw/mf/snowy/bioinfo-tools/misc/FastQC/0.11.9
++ export _LMFILES_
++ _ModuleTable001_=X01vZHVsZVRhYmxlXz17WyJNVHZlcnNpb24iXT0zLFsiY19yZWJ1aWxkVGltZSJdPWZhbHNlLFsiY19zaG9ydFRpbWUiXT1mYWxzZSxkZXB0aFQ9e30sZmFtaWx5PXt9LG1UPXtGYXN0UUM9e1siZm4iXT0iL3N3L21mL3Nub3d5L2Jpb2luZm8tdG9vbHMvbWlzYy9GYXN0UUMvMC4xMS45IixbImZ1bGxOYW1lIl09IkZhc3RRQy8wLjExLjkiLFsibG9hZE9yZGVyIl09Mixwcm9wVD17fSxbInN0YWNrRGVwdGgiXT0wLFsic3RhdHVzIl09ImFjdGl2ZSIsWyJ1c2VyTmFtZSJdPSJGYXN0UUMiLH0sWyJiaW9pbmZvLXRvb2xzIl09e1siZm4iXT0iL3N3L21mL3Nub3d5L2Vudmlyb25tZW50L2Jpb2luZm8tdG9vbHMiLFsiZnVsbE5hbWUiXT0iYmlvaW5mby10b29scyIsWyJsb2FkT3Jk
++ export _ModuleTable001_
++ _ModuleTable002_=ZXIiXT0xLHByb3BUPXt9LFsic3RhY2tEZXB0aCJdPTAsWyJzdGF0dXMiXT0iYWN0aXZlIixbInVzZXJOYW1lIl09ImJpb2luZm8tdG9vbHMiLH0sfSxtcGF0aEE9eyIvc3cvbWYvc25vd3kvYmlvaW5mby10b29scy9hbm5vdGF0aW9uIiwiL3N3L21mL3Nub3d5L2Jpb2luZm8tdG9vbHMvYWxpZ25tZW50IiwiL3N3L21mL3Nub3d5L2Jpb2luZm8tdG9vbHMvYXNzZW1ibHkiLCIvc3cvbWYvc25vd3kvYmlvaW5mby10b29scy9taXNjIiwiL3N3L21mL3Nub3d5L2Jpb2luZm8tdG9vbHMvcGh5bG9nZW55IiwiL3N3L21mL3Nub3d5L2Jpb2luZm8tdG9vbHMvcGlwZWxpbmVzIiwiL3N3L21mL3Nub3d5L2Jpb2luZm8tdG9vbHMvc3dfY29sbGVjdGlvbnMiLCIvc3cvbWYvc25vd3kvYXBw
++ export _ModuleTable002_
++ _ModuleTable003_=bGljYXRpb25zIiwiL3N3L21mL3Nub3d5L2J1aWxkLXRvb2xzIiwiL3N3L21mL3Nub3d5L2NvbXBpbGVycyIsIi9zdy9tZi9zbm93eS9kYXRhIiwiL3N3L21mL3Nub3d5L2Vudmlyb25tZW50IiwiL3N3L21mL3Nub3d5L2xpYnJhcmllcyIsIi9zdy9tZi9zbm93eS9wYXJhbGxlbCIsfSxbInN5c3RlbUJhc2VNUEFUSCJdPSIvc3cvbWYvc25vd3kvYXBwbGljYXRpb25zOi9zdy9tZi9zbm93eS9idWlsZC10b29sczovc3cvbWYvc25vd3kvY29tcGlsZXJzOi9zdy9tZi9zbm93eS9kYXRhOi9zdy9tZi9zbm93eS9lbnZpcm9ubWVudDovc3cvbWYvc25vd3kvbGlicmFyaWVzOi9zdy9tZi9zbm93eS9wYXJhbGxlbCIsfQ==
++ export _ModuleTable003_
++ _ModuleTable_Sz_=3
++ export _ModuleTable_Sz_
++ : -s sh
+ eval
+ cp -r /home/jay/genome_analysis_project/Genome-Analysis-VT22/data/trimmed_data/RNA_trimmed_12-04 RNA_trimmed_12-04
+ cd RNA_trimmed_12-04/
+ fastqc D1RNA_trimmed_1P.fq.gz D1RNA_trimmed_1U.fq.gz D1RNA_trimmed_2P.fq.gz D1RNA_trimmed_2U.fq.gz -o /home/jay/genome_analysis_project/Genome-Analysis-VT22/analyses/01_preprocessing/fastqc_trim/RNA_12-04
Started analysis of D1RNA_trimmed_1P.fq.gz
Approx 5% complete for D1RNA_trimmed_1P.fq.gz
Approx 10% complete for D1RNA_trimmed_1P.fq.gz
Approx 15% complete for D1RNA_trimmed_1P.fq.gz
Approx 20% complete for D1RNA_trimmed_1P.fq.gz
Approx 25% complete for D1RNA_trimmed_1P.fq.gz
Approx 30% complete for D1RNA_trimmed_1P.fq.gz
Approx 35% complete for D1RNA_trimmed_1P.fq.gz
Approx 40% complete for D1RNA_trimmed_1P.fq.gz
Approx 45% complete for D1RNA_trimmed_1P.fq.gz
Approx 50% complete for D1RNA_trimmed_1P.fq.gz
Approx 55% complete for D1RNA_trimmed_1P.fq.gz
Approx 60% complete for D1RNA_trimmed_1P.fq.gz
Approx 65% complete for D1RNA_trimmed_1P.fq.gz
Approx 70% complete for D1RNA_trimmed_1P.fq.gz
Approx 75% complete for D1RNA_trimmed_1P.fq.gz
Approx 80% complete for D1RNA_trimmed_1P.fq.gz
Approx 85% complete for D1RNA_trimmed_1P.fq.gz
Approx 90% complete for D1RNA_trimmed_1P.fq.gz
Approx 95% complete for D1RNA_trimmed_1P.fq.gz
Analysis complete for D1RNA_trimmed_1P.fq.gz
Started analysis of D1RNA_trimmed_1U.fq.gz
Approx 5% complete for D1RNA_trimmed_1U.fq.gz
Approx 10% complete for D1RNA_trimmed_1U.fq.gz
Approx 15% complete for D1RNA_trimmed_1U.fq.gz
Approx 20% complete for D1RNA_trimmed_1U.fq.gz
Approx 25% complete for D1RNA_trimmed_1U.fq.gz
Approx 30% complete for D1RNA_trimmed_1U.fq.gz
Approx 35% complete for D1RNA_trimmed_1U.fq.gz
Approx 40% complete for D1RNA_trimmed_1U.fq.gz
Approx 45% complete for D1RNA_trimmed_1U.fq.gz
Approx 50% complete for D1RNA_trimmed_1U.fq.gz
Approx 55% complete for D1RNA_trimmed_1U.fq.gz
Approx 60% complete for D1RNA_trimmed_1U.fq.gz
Approx 65% complete for D1RNA_trimmed_1U.fq.gz
Approx 70% complete for D1RNA_trimmed_1U.fq.gz
Approx 75% complete for D1RNA_trimmed_1U.fq.gz
Approx 80% complete for D1RNA_trimmed_1U.fq.gz
Approx 85% complete for D1RNA_trimmed_1U.fq.gz
Approx 90% complete for D1RNA_trimmed_1U.fq.gz
Approx 95% complete for D1RNA_trimmed_1U.fq.gz
Analysis complete for D1RNA_trimmed_1U.fq.gz
Started analysis of D1RNA_trimmed_2P.fq.gz
Approx 5% complete for D1RNA_trimmed_2P.fq.gz
Approx 10% complete for D1RNA_trimmed_2P.fq.gz
Approx 15% complete for D1RNA_trimmed_2P.fq.gz
Approx 20% complete for D1RNA_trimmed_2P.fq.gz
Approx 25% complete for D1RNA_trimmed_2P.fq.gz
Approx 30% complete for D1RNA_trimmed_2P.fq.gz
Approx 35% complete for D1RNA_trimmed_2P.fq.gz
Approx 40% complete for D1RNA_trimmed_2P.fq.gz
Approx 45% complete for D1RNA_trimmed_2P.fq.gz
Approx 50% complete for D1RNA_trimmed_2P.fq.gz
Approx 55% complete for D1RNA_trimmed_2P.fq.gz
Approx 60% complete for D1RNA_trimmed_2P.fq.gz
Approx 65% complete for D1RNA_trimmed_2P.fq.gz
Approx 70% complete for D1RNA_trimmed_2P.fq.gz
Approx 75% complete for D1RNA_trimmed_2P.fq.gz
Approx 80% complete for D1RNA_trimmed_2P.fq.gz
Approx 85% complete for D1RNA_trimmed_2P.fq.gz
Approx 90% complete for D1RNA_trimmed_2P.fq.gz
Approx 95% complete for D1RNA_trimmed_2P.fq.gz
Analysis complete for D1RNA_trimmed_2P.fq.gz
Started analysis of D1RNA_trimmed_2U.fq.gz
Approx 5% complete for D1RNA_trimmed_2U.fq.gz
Approx 10% complete for D1RNA_trimmed_2U.fq.gz
Approx 15% complete for D1RNA_trimmed_2U.fq.gz
Approx 20% complete for D1RNA_trimmed_2U.fq.gz
Approx 25% complete for D1RNA_trimmed_2U.fq.gz
Approx 30% complete for D1RNA_trimmed_2U.fq.gz
Approx 35% complete for D1RNA_trimmed_2U.fq.gz
Approx 40% complete for D1RNA_trimmed_2U.fq.gz
Approx 45% complete for D1RNA_trimmed_2U.fq.gz
Approx 50% complete for D1RNA_trimmed_2U.fq.gz
Approx 55% complete for D1RNA_trimmed_2U.fq.gz
Approx 60% complete for D1RNA_trimmed_2U.fq.gz
Approx 65% complete for D1RNA_trimmed_2U.fq.gz
Approx 70% complete for D1RNA_trimmed_2U.fq.gz
Approx 75% complete for D1RNA_trimmed_2U.fq.gz
Approx 80% complete for D1RNA_trimmed_2U.fq.gz
Approx 85% complete for D1RNA_trimmed_2U.fq.gz
Approx 90% complete for D1RNA_trimmed_2U.fq.gz
Approx 95% complete for D1RNA_trimmed_2U.fq.gz
Analysis complete for D1RNA_trimmed_2U.fq.gz
