+ cat /var/spool/slurmd/job6133882/slurm_script
#!/bin/bash -l
#SBATCH -A uppmax2022-2-5 -M snowy
#SBATCH -p core
#SBATCH -n 2
#SBATCH -J 02_quast_D3DNA_assembly
#SBATCH -t 1:00:00
#SBATCH --mail-type=ALL
#SBATCH --mail-user jay.hakansson.4449@student.uu.se


#for troubleshooting
set -x

cat $0
echo QOS = $SLURM_JOB_QOS

#work in node-local storage
cd $SNIC_TMP
module load bioinfo-tools quast

#To aquire reference genomes
metaquast.py --test-no-ref

metaquast.py $HOME/genome_analysis_project/Genome-Analysis-VT22/data/assembly/D3DNA_assembly/megahit_04-18/final.contigs.fa -o $HOME/genome_analysis_project/Genome-Analysis-VT22/analyses/02_genome_assembly/quast_eval_D3DNA
+ echo QOS = normal
QOS = normal
+ cd /scratch/6133882
+ module load bioinfo-tools quast
++ /usr/share/lmod/lmod/libexec/lmod bash load bioinfo-tools quast
+ eval '__LMOD_REF_COUNT_LD_LIBRARY_PATH=/sw/libs/wxWidgets/lib:3;' export '__LMOD_REF_COUNT_LD_LIBRARY_PATH;' 'LD_LIBRARY_PATH=/sw/libs/wxWidgets/lib;' export 'LD_LIBRARY_PATH;' '__LMOD_REF_COUNT_LOADEDMODULES=uppmax:4\;bioinfo-tools:3\;python/3.7.2:3\;quast/5.0.2:3;' export '__LMOD_REF_COUNT_LOADEDMODULES;' 'LOADEDMODULES=uppmax:bioinfo-tools:python/3.7.2:quast/5.0.2;' export 'LOADEDMODULES;' '__LMOD_REF_COUNT_MANPATH=/sw/comp/python/3.7.2_snowy/share/man:2\;/sw/comp/python/3.7.2_rackham/share/man:1\;/usr/share/man:4\;/sw/uppmax/man:4\;/opt/thinlinc/share/man:4;' export '__LMOD_REF_COUNT_MANPATH;' 'MANPATH=/sw/comp/python/3.7.2_snowy/share/man:/sw/comp/python/3.7.2_rackham/share/man:/usr/share/man:/sw/uppmax/man:/opt/thinlinc/share/man;' export 'MANPATH;' 'MODULEPATH=/sw/mf/snowy/bioinfo-tools/annotation:/sw/mf/snowy/bioinfo-tools/alignment:/sw/mf/snowy/bioinfo-tools/assembly:/sw/mf/snowy/bioinfo-tools/misc:/sw/mf/snowy/bioinfo-tools/phylogeny:/sw/mf/snowy/bioinfo-tools/pipelines:/sw/mf/snowy/bioinfo-tools/sw_collections:/sw/mf/snowy/applications:/sw/mf/snowy/build-tools:/sw/mf/snowy/compilers:/sw/mf/snowy/data:/sw/mf/snowy/environment:/sw/mf/snowy/libraries:/sw/mf/snowy/parallel;' export 'MODULEPATH;' '__LMOD_REF_COUNT_PATH=/sw/apps/bioinfo/quast/5.0.2/snowy/bin:2\;/sw/comp/python/3.7.2_snowy/bin:2\;/home/jay/bin:2\;/sw/apps/bioinfo/quast/5.0.2/rackham/bin:1\;/sw/comp/python/3.7.2_rackham/bin:1\;/usr/local/bin:1\;/usr/bin:1\;/usr/local/sbin:1\;/usr/sbin:1\;/sw/uppmax/bin:4;' export '__LMOD_REF_COUNT_PATH;' 'PATH=/sw/apps/bioinfo/quast/5.0.2/snowy/bin:/sw/comp/python/3.7.2_snowy/bin:/home/jay/bin:/sw/apps/bioinfo/quast/5.0.2/rackham/bin:/sw/comp/python/3.7.2_rackham/bin:/usr/local/bin:/usr/bin:/usr/local/sbin:/usr/sbin:/sw/uppmax/bin;' export 'PATH;' '__LMOD_REF_COUNT_PKG_CONFIG_PATH=/sw/comp/python/3.7.2_snowy/lib/pkgconfig:2\;/sw/comp/python/3.7.2_rackham/lib/pkgconfig:1;' export '__LMOD_REF_COUNT_PKG_CONFIG_PATH;' 'PKG_CONFIG_PATH=/sw/comp/python/3.7.2_snowy/lib/pkgconfig:/sw/comp/python/3.7.2_rackham/lib/pkgconfig;' export 'PKG_CONFIG_PATH;' '__LMOD_REF_COUNT_PYTHONPATH=/sw/apps/bioinfo/quast/5.0.2/snowy/lib/python3.7/site-packages:2\;/sw/apps/bioinfo/quast/5.0.2/rackham/lib/python3.7/site-packages:1;' export '__LMOD_REF_COUNT_PYTHONPATH;' 'PYTHONPATH=/sw/apps/bioinfo/quast/5.0.2/snowy/lib/python3.7/site-packages:/sw/apps/bioinfo/quast/5.0.2/rackham/lib/python3.7/site-packages;' export 'PYTHONPATH;' 'PYTHON_ROOT=/sw/comp/python/3.7.2_snowy;' export 'PYTHON_ROOT;' '__LMOD_REF_COUNT__LMFILES_=/sw/mf/snowy/environment/bioinfo-tools:1\;/sw/mf/snowy/compilers/python/3.7.2:1\;/sw/mf/snowy/bioinfo-tools/misc/quast/5.0.2:1;' export '__LMOD_REF_COUNT__LMFILES_;' '_LMFILES_=/sw/mf/snowy/environment/bioinfo-tools:/sw/mf/snowy/compilers/python/3.7.2:/sw/mf/snowy/bioinfo-tools/misc/quast/5.0.2;' export '_LMFILES_;' '_ModuleTable001_=X01vZHVsZVRhYmxlXz17WyJNVHZlcnNpb24iXT0zLFsiY19yZWJ1aWxkVGltZSJdPWZhbHNlLFsiY19zaG9ydFRpbWUiXT1mYWxzZSxkZXB0aFQ9e30sZmFtaWx5PXt9LG1UPXtbImJpb2luZm8tdG9vbHMiXT17WyJmbiJdPSIvc3cvbWYvc25vd3kvZW52aXJvbm1lbnQvYmlvaW5mby10b29scyIsWyJmdWxsTmFtZSJdPSJiaW9pbmZvLXRvb2xzIixbImxvYWRPcmRlciJdPTEscHJvcFQ9e30sWyJzdGFja0RlcHRoIl09MCxbInN0YXR1cyJdPSJhY3RpdmUiLFsidXNlck5hbWUiXT0iYmlvaW5mby10b29scyIsfSxweXRob249e1siZm4iXT0iL3N3L21mL3Nub3d5L2NvbXBpbGVycy9weXRob24vMy43LjIiLFsiZnVsbE5hbWUiXT0icHl0aG9uLzMuNy4yIixbImxvYWRPcmRlciJd;' export '_ModuleTable001_;' '_ModuleTable002_=PTIscHJvcFQ9e30sWyJzdGFja0RlcHRoIl09MSxbInN0YXR1cyJdPSJhY3RpdmUiLFsidXNlck5hbWUiXT0icHl0aG9uLzMuNy4yIix9LHF1YXN0PXtbImZuIl09Ii9zdy9tZi9zbm93eS9iaW9pbmZvLXRvb2xzL21pc2MvcXVhc3QvNS4wLjIiLFsiZnVsbE5hbWUiXT0icXVhc3QvNS4wLjIiLFsibG9hZE9yZGVyIl09Myxwcm9wVD17fSxbInN0YWNrRGVwdGgiXT0wLFsic3RhdHVzIl09ImFjdGl2ZSIsWyJ1c2VyTmFtZSJdPSJxdWFzdCIsfSx9LG1wYXRoQT17Ii9zdy9tZi9zbm93eS9iaW9pbmZvLXRvb2xzL2Fubm90YXRpb24iLCIvc3cvbWYvc25vd3kvYmlvaW5mby10b29scy9hbGlnbm1lbnQiLCIvc3cvbWYvc25vd3kvYmlvaW5mby10b29scy9hc3NlbWJseSIsIi9zdy9t;' export '_ModuleTable002_;' '_ModuleTable003_=Zi9zbm93eS9iaW9pbmZvLXRvb2xzL21pc2MiLCIvc3cvbWYvc25vd3kvYmlvaW5mby10b29scy9waHlsb2dlbnkiLCIvc3cvbWYvc25vd3kvYmlvaW5mby10b29scy9waXBlbGluZXMiLCIvc3cvbWYvc25vd3kvYmlvaW5mby10b29scy9zd19jb2xsZWN0aW9ucyIsIi9zdy9tZi9zbm93eS9hcHBsaWNhdGlvbnMiLCIvc3cvbWYvc25vd3kvYnVpbGQtdG9vbHMiLCIvc3cvbWYvc25vd3kvY29tcGlsZXJzIiwiL3N3L21mL3Nub3d5L2RhdGEiLCIvc3cvbWYvc25vd3kvZW52aXJvbm1lbnQiLCIvc3cvbWYvc25vd3kvbGlicmFyaWVzIiwiL3N3L21mL3Nub3d5L3BhcmFsbGVsIix9LFsic3lzdGVtQmFzZU1QQVRIIl09Ii9zdy9tZi9zbm93eS9hcHBsaWNhdGlvbnM6L3N3L21mL3Nu;' export '_ModuleTable003_;' '_ModuleTable004_=b3d5L2J1aWxkLXRvb2xzOi9zdy9tZi9zbm93eS9jb21waWxlcnM6L3N3L21mL3Nub3d5L2RhdGE6L3N3L21mL3Nub3d5L2Vudmlyb25tZW50Oi9zdy9tZi9zbm93eS9saWJyYXJpZXM6L3N3L21mL3Nub3d5L3BhcmFsbGVsIix9;' export '_ModuleTable004_;' '_ModuleTable_Sz_=4;' export '_ModuleTable_Sz_;'
++ __LMOD_REF_COUNT_LD_LIBRARY_PATH=/sw/libs/wxWidgets/lib:3
++ export __LMOD_REF_COUNT_LD_LIBRARY_PATH
++ LD_LIBRARY_PATH=/sw/libs/wxWidgets/lib
++ export LD_LIBRARY_PATH
++ __LMOD_REF_COUNT_LOADEDMODULES='uppmax:4;bioinfo-tools:3;python/3.7.2:3;quast/5.0.2:3'
++ export __LMOD_REF_COUNT_LOADEDMODULES
++ LOADEDMODULES=uppmax:bioinfo-tools:python/3.7.2:quast/5.0.2
++ export LOADEDMODULES
++ __LMOD_REF_COUNT_MANPATH='/sw/comp/python/3.7.2_snowy/share/man:2;/sw/comp/python/3.7.2_rackham/share/man:1;/usr/share/man:4;/sw/uppmax/man:4;/opt/thinlinc/share/man:4'
++ export __LMOD_REF_COUNT_MANPATH
++ MANPATH=/sw/comp/python/3.7.2_snowy/share/man:/sw/comp/python/3.7.2_rackham/share/man:/usr/share/man:/sw/uppmax/man:/opt/thinlinc/share/man
++ export MANPATH
++ MODULEPATH=/sw/mf/snowy/bioinfo-tools/annotation:/sw/mf/snowy/bioinfo-tools/alignment:/sw/mf/snowy/bioinfo-tools/assembly:/sw/mf/snowy/bioinfo-tools/misc:/sw/mf/snowy/bioinfo-tools/phylogeny:/sw/mf/snowy/bioinfo-tools/pipelines:/sw/mf/snowy/bioinfo-tools/sw_collections:/sw/mf/snowy/applications:/sw/mf/snowy/build-tools:/sw/mf/snowy/compilers:/sw/mf/snowy/data:/sw/mf/snowy/environment:/sw/mf/snowy/libraries:/sw/mf/snowy/parallel
++ export MODULEPATH
++ __LMOD_REF_COUNT_PATH='/sw/apps/bioinfo/quast/5.0.2/snowy/bin:2;/sw/comp/python/3.7.2_snowy/bin:2;/home/jay/bin:2;/sw/apps/bioinfo/quast/5.0.2/rackham/bin:1;/sw/comp/python/3.7.2_rackham/bin:1;/usr/local/bin:1;/usr/bin:1;/usr/local/sbin:1;/usr/sbin:1;/sw/uppmax/bin:4'
++ export __LMOD_REF_COUNT_PATH
++ PATH=/sw/apps/bioinfo/quast/5.0.2/snowy/bin:/sw/comp/python/3.7.2_snowy/bin:/home/jay/bin:/sw/apps/bioinfo/quast/5.0.2/rackham/bin:/sw/comp/python/3.7.2_rackham/bin:/usr/local/bin:/usr/bin:/usr/local/sbin:/usr/sbin:/sw/uppmax/bin
++ export PATH
++ __LMOD_REF_COUNT_PKG_CONFIG_PATH='/sw/comp/python/3.7.2_snowy/lib/pkgconfig:2;/sw/comp/python/3.7.2_rackham/lib/pkgconfig:1'
++ export __LMOD_REF_COUNT_PKG_CONFIG_PATH
++ PKG_CONFIG_PATH=/sw/comp/python/3.7.2_snowy/lib/pkgconfig:/sw/comp/python/3.7.2_rackham/lib/pkgconfig
++ export PKG_CONFIG_PATH
++ __LMOD_REF_COUNT_PYTHONPATH='/sw/apps/bioinfo/quast/5.0.2/snowy/lib/python3.7/site-packages:2;/sw/apps/bioinfo/quast/5.0.2/rackham/lib/python3.7/site-packages:1'
++ export __LMOD_REF_COUNT_PYTHONPATH
++ PYTHONPATH=/sw/apps/bioinfo/quast/5.0.2/snowy/lib/python3.7/site-packages:/sw/apps/bioinfo/quast/5.0.2/rackham/lib/python3.7/site-packages
++ export PYTHONPATH
++ PYTHON_ROOT=/sw/comp/python/3.7.2_snowy
++ export PYTHON_ROOT
++ __LMOD_REF_COUNT__LMFILES_='/sw/mf/snowy/environment/bioinfo-tools:1;/sw/mf/snowy/compilers/python/3.7.2:1;/sw/mf/snowy/bioinfo-tools/misc/quast/5.0.2:1'
++ export __LMOD_REF_COUNT__LMFILES_
++ _LMFILES_=/sw/mf/snowy/environment/bioinfo-tools:/sw/mf/snowy/compilers/python/3.7.2:/sw/mf/snowy/bioinfo-tools/misc/quast/5.0.2
++ export _LMFILES_
++ _ModuleTable001_=X01vZHVsZVRhYmxlXz17WyJNVHZlcnNpb24iXT0zLFsiY19yZWJ1aWxkVGltZSJdPWZhbHNlLFsiY19zaG9ydFRpbWUiXT1mYWxzZSxkZXB0aFQ9e30sZmFtaWx5PXt9LG1UPXtbImJpb2luZm8tdG9vbHMiXT17WyJmbiJdPSIvc3cvbWYvc25vd3kvZW52aXJvbm1lbnQvYmlvaW5mby10b29scyIsWyJmdWxsTmFtZSJdPSJiaW9pbmZvLXRvb2xzIixbImxvYWRPcmRlciJdPTEscHJvcFQ9e30sWyJzdGFja0RlcHRoIl09MCxbInN0YXR1cyJdPSJhY3RpdmUiLFsidXNlck5hbWUiXT0iYmlvaW5mby10b29scyIsfSxweXRob249e1siZm4iXT0iL3N3L21mL3Nub3d5L2NvbXBpbGVycy9weXRob24vMy43LjIiLFsiZnVsbE5hbWUiXT0icHl0aG9uLzMuNy4yIixbImxvYWRPcmRlciJd
++ export _ModuleTable001_
++ _ModuleTable002_=PTIscHJvcFQ9e30sWyJzdGFja0RlcHRoIl09MSxbInN0YXR1cyJdPSJhY3RpdmUiLFsidXNlck5hbWUiXT0icHl0aG9uLzMuNy4yIix9LHF1YXN0PXtbImZuIl09Ii9zdy9tZi9zbm93eS9iaW9pbmZvLXRvb2xzL21pc2MvcXVhc3QvNS4wLjIiLFsiZnVsbE5hbWUiXT0icXVhc3QvNS4wLjIiLFsibG9hZE9yZGVyIl09Myxwcm9wVD17fSxbInN0YWNrRGVwdGgiXT0wLFsic3RhdHVzIl09ImFjdGl2ZSIsWyJ1c2VyTmFtZSJdPSJxdWFzdCIsfSx9LG1wYXRoQT17Ii9zdy9tZi9zbm93eS9iaW9pbmZvLXRvb2xzL2Fubm90YXRpb24iLCIvc3cvbWYvc25vd3kvYmlvaW5mby10b29scy9hbGlnbm1lbnQiLCIvc3cvbWYvc25vd3kvYmlvaW5mby10b29scy9hc3NlbWJseSIsIi9zdy9t
++ export _ModuleTable002_
++ _ModuleTable003_=Zi9zbm93eS9iaW9pbmZvLXRvb2xzL21pc2MiLCIvc3cvbWYvc25vd3kvYmlvaW5mby10b29scy9waHlsb2dlbnkiLCIvc3cvbWYvc25vd3kvYmlvaW5mby10b29scy9waXBlbGluZXMiLCIvc3cvbWYvc25vd3kvYmlvaW5mby10b29scy9zd19jb2xsZWN0aW9ucyIsIi9zdy9tZi9zbm93eS9hcHBsaWNhdGlvbnMiLCIvc3cvbWYvc25vd3kvYnVpbGQtdG9vbHMiLCIvc3cvbWYvc25vd3kvY29tcGlsZXJzIiwiL3N3L21mL3Nub3d5L2RhdGEiLCIvc3cvbWYvc25vd3kvZW52aXJvbm1lbnQiLCIvc3cvbWYvc25vd3kvbGlicmFyaWVzIiwiL3N3L21mL3Nub3d5L3BhcmFsbGVsIix9LFsic3lzdGVtQmFzZU1QQVRIIl09Ii9zdy9tZi9zbm93eS9hcHBsaWNhdGlvbnM6L3N3L21mL3Nu
++ export _ModuleTable003_
++ _ModuleTable004_=b3d5L2J1aWxkLXRvb2xzOi9zdy9tZi9zbm93eS9jb21waWxlcnM6L3N3L21mL3Nub3d5L2RhdGE6L3N3L21mL3Nub3d5L2Vudmlyb25tZW50Oi9zdy9tZi9zbm93eS9saWJyYXJpZXM6L3N3L21mL3Nub3d5L3BhcmFsbGVsIix9
++ export _ModuleTable004_
++ _ModuleTable_Sz_=4
++ export _ModuleTable_Sz_
++ : -s sh
+ eval
+ metaquast.py --test-no-ref

You are probably running QUAST installed via pip, which does not include test data.
This is fine, just start using QUAST on your own data!

If you still want to run tests, please download and unpack test data to CWD:
  wget quast.sf.net/test_data.tar.gz && tar xzf test_data.tar.gz

+ metaquast.py /home/jay/genome_analysis_project/Genome-Analysis-VT22/data/assembly/D3DNA_assembly/megahit_04-18/final.contigs.fa -o /home/jay/genome_analysis_project/Genome-Analysis-VT22/analyses/02_genome_assembly/quast_eval_D3DNA
/sw/bioinfo/quast/5.0.2/rackham/bin/metaquast.py /home/jay/genome_analysis_project/Genome-Analysis-VT22/data/assembly/D3DNA_assembly/megahit_04-18/final.contigs.fa -o /home/jay/genome_analysis_project/Genome-Analysis-VT22/analyses/02_genome_assembly/quast_eval_D3DNA

Version: 5.0.2

System information:
  OS: Linux-3.10.0-1160.59.1.el7.x86_64-x86_64-with-centos-7.9.2009-Core (linux_64)
  Python version: 3.7.2
  CPUs number: 16

Started: 2022-04-19 16:01:09

Logging to /home/jay/genome_analysis_project/Genome-Analysis-VT22/analyses/02_genome_assembly/quast_eval_D3DNA/metaquast.log
NOTICE: Maximum number of threads is set to 4 (use --threads option to set it manually)

Contigs:
  Pre-processing...
  /home/jay/genome_analysis_project/Genome-Analysis-VT22/data/assembly/D3DNA_assembly/megahit_04-18/final.contigs.fa ==> final.contigs

No references are provided, starting to search for reference genomes in SILVA 16S rRNA database and to download them from NCBI...

2022-04-19 16:01:19
Running BlastN..
  processing final.contigs
  BLAST results for final.contigs are saved to /home/jay/genome_analysis_project/Genome-Analysis-VT22/analyses/02_genome_assembly/quast_eval_D3DNA/quast_downloaded_references/blast.res_final-contigs...


2022-04-19 16:16:43
Trying to download found references from NCBI. Totally 50 organisms to try.
  unidentified_marine_bacterioplankton            | not found in the NCBI database
  unidentified_marine_bacterioplankton was not found in NCBI database, trying to download the next best match
  Gaiella_sp._EBR4-R2                             | not found in the NCBI database
  Gaiella_sp._EBR4-R2 was not found in NCBI database, trying to download the next best match
  Conexibacter_woesei_Iso977N                     | successfully downloaded (total 1, 49 more to go)
  unidentified_eubacterium_LD29                   | not found in the NCBI database
  unidentified_eubacterium_LD29 was not found in NCBI database, trying to download the next best match
  bacterium_enrichment_culture_clone_136(2011)    | not found in the NCBI database
  bacterium_enrichment_culture_clone_136(2011) was not found in NCBI database, trying to download the next best match
  bacterium_Ellin511                              | not found in the NCBI database
  bacterium_Ellin511 was not found in NCBI database, trying to download the next best match
  Verrucomicrobia_bacterium_WY51                  | not found in the NCBI database
  sulfur-oxidizing_bacterium_OBII5                | not found in the NCBI database
  sulfur-oxidizing_bacterium_OBII5 was not found in NCBI database, trying to download the next best match
  bacterium_enrichment_culture_clone_CBNH_1102_HA1_MIDDLE_5 | not found in the NCBI database
  bacterium_enrichment_culture_clone_CBNH_1102_HA1_MIDDLE_5 was not found in NCBI database, trying to download the next best match
  Alcanivorax_pacificus_W11-5                     | successfully downloaded (total 2, 47 more to go)
  saltmarsh_clone_LCP-89                          | not found in the NCBI database
  saltmarsh_clone_LCP-89 was not found in NCBI database, trying to download the next best match
  iron-reducing_bacterium_enrichment_culture_clone_HN-HFO18 | not found in the NCBI database
  iron-reducing_bacterium_enrichment_culture_clone_HN-HFO18 was not found in NCBI database, trying to download the next best match
  Desulfitibacter_alkalitolerans_DSM_16504        | successfully downloaded (total 3, 46 more to go)
  mine_drainage_metagenome                        | successfully downloaded (total 4, 45 more to go)
  marine_metagenome                               | successfully downloaded (total 5, 44 more to go)
  marine_gamma_proteobacterium_HTCC2080           | successfully downloaded (total 6, 43 more to go)
  magnetic_coccus_MP17                            | not found in the NCBI database
  magnetic_coccus_MP17 was not found in NCBI database, trying to download the next best match
  Aurantimonas_manganoxydans_SI85-9A1             | successfully downloaded (total 7, 42 more to go)
  gamma_proteobacterium_SCGC_AB-629-P17           | successfully downloaded (total 8, 41 more to go)
bioreactor metagenome has too fragmented reference genome! It will not be downloaded.
  bioreactor_metagenome                           | not found in the NCBI database
  bioreactor_metagenome was not found in NCBI database, trying to download the next best match
  bacterium_enrichment_culture_clone_AOM-SR-B3    | not found in the NCBI database
  bacterium_enrichment_culture_clone_AOM-SR-B3 was not found in NCBI database, trying to download the next best match
wastewater metagenome has too fragmented reference genome! It will not be downloaded.
  wastewater_metagenome                           | not found in the NCBI database
  wastewater_metagenome was not found in NCBI database, trying to download the next best match
  denitrifying_bacterium_enrichment_culture_clone_NOB_2_E8 | not found in the NCBI database
  benzene_mineralizing_consortium_clone_SB-5      | not found in the NCBI database
  benzene_mineralizing_consortium_clone_SB-5 was not found in NCBI database, trying to download the next best match
  iron-reducing_bacterium_enrichment_culture_clone_HN105 | not found in the NCBI database
  iron-reducing_bacterium_enrichment_culture_clone_HN105 was not found in NCBI database, trying to download the next best match
  Owenweeksia_hongkongensis_DSM_17368             | successfully downloaded (total 9, 39 more to go)
  bacterium_enrichment_culture_clone_69(2013)     | not found in the NCBI database
  bacterium_enrichment_culture_clone_69(2013) was not found in NCBI database, trying to download the next best match
  Marispirillum_indicum                           | not found in the NCBI database
  Marispirillum_indicum was not found in NCBI database, trying to download the next best match
  alpha_proteobacterium_RW12                      | not found in the NCBI database
  alpha_proteobacterium_RW12 was not found in NCBI database, trying to download the next best match
  Methyloligella_solikamskensis                   | not found in the NCBI database
  bacterium_WH3-1                                 | not found in the NCBI database
  bacterium_WH3-1 was not found in NCBI database, trying to download the next best match
  Gracilibacteria_bacterium_JGI_0000069-P22       | successfully downloaded (total 10, 37 more to go)
  bacterium_SH1-3                                 | not found in the NCBI database
  bacterium_SH1-3 was not found in NCBI database, trying to download the next best match
  Fluviicola_taffensis_DSM_16823                  | successfully downloaded (total 11, 36 more to go)
  bacterium_Ellin6543                             | not found in the NCBI database
  bacterium_Ellin6543 was not found in NCBI database, trying to download the next best match
  Dehalococcoides_sp._BHI80-15                    | not found in the NCBI database
  Dehalococcoides_sp._BHI80-15 was not found in NCBI database, trying to download the next best match
  bacterium_Ellin6519                             | not found in the NCBI database
  bacterium_Ellin6519 was not found in NCBI database, trying to download the next best match
  unidentified_green_non-sulfur_bacterium_OPB12   | not found in the NCBI database
  bacterium_Ellin5273                             | not found in the NCBI database
  bacterium_Ellin5273 was not found in NCBI database, trying to download the next best match
  bacterium_Ellin5247                             | not found in the NCBI database
  alpha_proteobacterium_BAL199                    | successfully downloaded (total 12, 33 more to go)
  Vesicomya_sp._mt-II_symbiont                    | not found in the NCBI database
  Vesicomya_sp._mt-II_symbiont was not found in NCBI database, trying to download the next best match
  Calyptogena_sp._Florida_gill_symbiont           | not found in the NCBI database
  Calyptogena_sp._Florida_gill_symbiont was not found in NCBI database, trying to download the next best match
  bacterium_symbiont_of_Laubiericoncha_chuni      | not found in the NCBI database
  bacterium_symbiont_of_Laubiericoncha_chuni was not found in NCBI database, trying to download the next best match
  endosymbiont_of_Ridgeia_piscesae                | successfully downloaded (total 13, 32 more to go)
  Ulvibacter_litoralis                            | successfully downloaded (total 14, 31 more to go)
  Thiohalobacter_thiocyanaticus                   | successfully downloaded (total 15, 30 more to go)
  Thioalkalivibrio_sulfidiphilus_HL-EbGr7         | successfully downloaded (total 16, 29 more to go)
  Thioalkalivibrio_sp._ALJ17                      | successfully downloaded (total 17, 28 more to go)
  Tenacibaculum_sp._KYW_576                       | not found in the NCBI database
  Tenacibaculum_sp._KYW_576 was not found in NCBI database, trying to download the next best match
  Tenacibaculum_skagerrakense                     | successfully downloaded (total 18, 27 more to go)
  Syntrophus_aciditrophicus                       | successfully downloaded (total 19, 26 more to go)
  Synechococcus_sp._KORDI-49                      | successfully downloaded (total 20, 25 more to go)
  Sulfitobacter_sp._NAS-14.1                      | successfully downloaded (total 21, 24 more to go)
  Streptomyces_cyaneogriseus_subsp._noncyanogenus | successfully downloaded (total 22, 23 more to go)
  Stenotrophomonas_sp._canine_oral_taxon_224      | not found in the NCBI database
  Stenotrophomonas_sp._canine_oral_taxon_224 was not found in NCBI database, trying to download the next best match
  Xanthomonas_citri_subsp._malvacearum            | successfully downloaded (total 23, 22 more to go)
  Sporosarcina_sp._EUR3_2.2.2                     | not found in the NCBI database
  Sporosarcina_sp._EUR3_2.2.2 was not found in NCBI database, trying to download the next best match
  Paenisporosarcina_macmurdoensis                 | not found in the NCBI database
  Paenisporosarcina_macmurdoensis was not found in NCBI database, trying to download the next best match
  Sporosarcina_sp._3061                           | not found in the NCBI database
  Sphingomonas_sp._JEM-1                          | not found in the NCBI database
  Sphingomonas_sp._JEM-1 was not found in NCBI database, trying to download the next best match
  Sphingobium_fuliginis                           | successfully downloaded (total 24, 20 more to go)
  Simiduia_sp._J-MY2                              | successfully downloaded (total 25, 19 more to go)
  Shewanella_amazonensis_SB2B                     | successfully downloaded (total 26, 18 more to go)
  Roseobacter_sp._SK209-2-6                       | successfully downloaded (total 27, 17 more to go)
  Rhodopirellula_lusitana                         | not found in the NCBI database
  Pseudoruegeria_aquimaris                        | successfully downloaded (total 28, 15 more to go)
  Porticoccus_hydrocarbonoclasticus_MCTG13d       | successfully downloaded (total 29, 14 more to go)
  Pelobacter_sp._AOP6                             | not found in the NCBI database
  Pelobacter_sp._AOP6 was not found in NCBI database, trying to download the next best match
  Desulfuromonas_palmitatis                       | not found in the NCBI database
  Desulfuromonas_palmitatis was not found in NCBI database, trying to download the next best match
  Desulfuromonas_michiganensis                    | not found in the NCBI database
  Desulfuromonas_michiganensis was not found in NCBI database, trying to download the next best match
  Desulfuromonas_thiophila                        | successfully downloaded (total 30, 13 more to go)
  Paracoccus_aminophilus                          | successfully downloaded (total 31, 12 more to go)
  Oceanicola_granulosus_HTCC2516                  | successfully downloaded (total 32, 11 more to go)
  Nitrospina_sp._enrichment_culture_clone_Cb12    | not found in the NCBI database
  Nitrospina_sp._enrichment_culture_clone_Cb12 was not found in NCBI database, trying to download the next best match
  Geobacter_sulfurreducens_KN400                  | successfully downloaded (total 33, 10 more to go)
  Nitrospina_sp._SCGC_AAA288-L16                  | successfully downloaded (total 34, 9 more to go)
  Nitrospina_sp._347                              | not found in the NCBI database
  Nitrospina_sp._347 was not found in NCBI database, trying to download the next best match
  Nitrospina_gracilis                             | successfully downloaded (total 35, 8 more to go)
  Nitrospina_sp._3005                             | not found in the NCBI database
  Nitrospina_sp._3005 was not found in NCBI database, trying to download the next best match
  Gaiella_sp._EBR4-R2                             | not found in the NCBI database
  Gaiella_sp._EBR4-R2 was not found in NCBI database, trying to download the next best match
  Gaiella_occulta                                 | successfully downloaded (total 36, 7 more to go)
  Nitrospina_gracilis_3                           | not found in the NCBI database
  Neisseria_sp._CSL_7565                          | successfully downloaded (total 37, 5 more to go)
  Mollicutes_bacterium_HR1                        | successfully downloaded (total 38, 4 more to go)
  Methylobacter_sp._XLMV4                         | successfully downloaded (total 39, 3 more to go)
  Marinomonas_communis                            | successfully downloaded (total 40, 2 more to go)
  Magnetococcus_marinus_MC-1                      | successfully downloaded (total 41, 1 more to go)
  Lutibacter_aestuarii                            | not found in the NCBI database
  Lutibacter_aestuarii was not found in NCBI database, trying to download the next best match
  Flavobacterium_sp._SCGC_AAA160-P02              | successfully downloaded (total 42, 0 more to go)

Downloaded reference(s):
  /home/jay/genome_analysis_project/Genome-Analysis-VT22/analyses/02_genome_assembly/quast_eval_D3DNA/quast_downloaded_references/Alcanivorax_pacificus_W11_5.fasta ==> Alcanivorax_pacificus_W11_5
  /home/jay/genome_analysis_project/Genome-Analysis-VT22/analyses/02_genome_assembly/quast_eval_D3DNA/quast_downloaded_references/Aurantimonas_manganoxydans_SI85_9A1.fasta ==> Aurantimonas_manganoxydans_SI85_9A1
  /home/jay/genome_analysis_project/Genome-Analysis-VT22/analyses/02_genome_assembly/quast_eval_D3DNA/quast_downloaded_references/Conexibacter_woesei_Iso977N.fasta ==> Conexibacter_woesei_Iso977N
  /home/jay/genome_analysis_project/Genome-Analysis-VT22/analyses/02_genome_assembly/quast_eval_D3DNA/quast_downloaded_references/Desulfitibacter_alkalitolerans_DSM_16504.fasta ==> Desulfitibacter_alkalitolerans_DSM_16504
  /home/jay/genome_analysis_project/Genome-Analysis-VT22/analyses/02_genome_assembly/quast_eval_D3DNA/quast_downloaded_references/Desulfuromonas_thiophila.fasta ==> Desulfuromonas_thiophila
  /home/jay/genome_analysis_project/Genome-Analysis-VT22/analyses/02_genome_assembly/quast_eval_D3DNA/quast_downloaded_references/Flavobacterium_sp._SCGC_AAA160_P02.fasta ==> Flavobacterium_sp._SCGC_AAA160_P02
  /home/jay/genome_analysis_project/Genome-Analysis-VT22/analyses/02_genome_assembly/quast_eval_D3DNA/quast_downloaded_references/Fluviicola_taffensis_DSM_16823.fasta ==> Fluviicola_taffensis_DSM_16823
  /home/jay/genome_analysis_project/Genome-Analysis-VT22/analyses/02_genome_assembly/quast_eval_D3DNA/quast_downloaded_references/Gaiella_occulta.fasta ==> Gaiella_occulta
  /home/jay/genome_analysis_project/Genome-Analysis-VT22/analyses/02_genome_assembly/quast_eval_D3DNA/quast_downloaded_references/Geobacter_sulfurreducens_KN400.fasta ==> Geobacter_sulfurreducens_KN400
  /home/jay/genome_analysis_project/Genome-Analysis-VT22/analyses/02_genome_assembly/quast_eval_D3DNA/quast_downloaded_references/Gracilibacteria_bacterium_JGI_0000069_P22.fasta ==> Gracilibacteria_bacterium_JGI_0000069_P22
  /home/jay/genome_analysis_project/Genome-Analysis-VT22/analyses/02_genome_assembly/quast_eval_D3DNA/quast_downloaded_references/Magnetococcus_marinus_MC_1.fasta ==> Magnetococcus_marinus_MC_1
  /home/jay/genome_analysis_project/Genome-Analysis-VT22/analyses/02_genome_assembly/quast_eval_D3DNA/quast_downloaded_references/Marinomonas_communis.fasta ==> Marinomonas_communis
  /home/jay/genome_analysis_project/Genome-Analysis-VT22/analyses/02_genome_assembly/quast_eval_D3DNA/quast_downloaded_references/Methylobacter_sp._XLMV4.fasta ==> Methylobacter_sp._XLMV4
  /home/jay/genome_analysis_project/Genome-Analysis-VT22/analyses/02_genome_assembly/quast_eval_D3DNA/quast_downloaded_references/Mollicutes_bacterium_HR1.fasta ==> Mollicutes_bacterium_HR1
  /home/jay/genome_analysis_project/Genome-Analysis-VT22/analyses/02_genome_assembly/quast_eval_D3DNA/quast_downloaded_references/Neisseria_sp._CSL_7565.fasta ==> Neisseria_sp._CSL_7565
  /home/jay/genome_analysis_project/Genome-Analysis-VT22/analyses/02_genome_assembly/quast_eval_D3DNA/quast_downloaded_references/Nitrospina_gracilis.fasta ==> Nitrospina_gracilis
  /home/jay/genome_analysis_project/Genome-Analysis-VT22/analyses/02_genome_assembly/quast_eval_D3DNA/quast_downloaded_references/Nitrospina_sp._SCGC_AAA288_L16.fasta ==> Nitrospina_sp._SCGC_AAA288_L16
  /home/jay/genome_analysis_project/Genome-Analysis-VT22/analyses/02_genome_assembly/quast_eval_D3DNA/quast_downloaded_references/Oceanicola_granulosus_HTCC2516.fasta ==> Oceanicola_granulosus_HTCC2516
  /home/jay/genome_analysis_project/Genome-Analysis-VT22/analyses/02_genome_assembly/quast_eval_D3DNA/quast_downloaded_references/Owenweeksia_hongkongensis_DSM_17368.fasta ==> Owenweeksia_hongkongensis_DSM_17368
  /home/jay/genome_analysis_project/Genome-Analysis-VT22/analyses/02_genome_assembly/quast_eval_D3DNA/quast_downloaded_references/Paracoccus_aminophilus.fasta ==> Paracoccus_aminophilus
  /home/jay/genome_analysis_project/Genome-Analysis-VT22/analyses/02_genome_assembly/quast_eval_D3DNA/quast_downloaded_references/Porticoccus_hydrocarbonoclasticus_MCTG13d.fasta ==> Porticoccus_hydrocarbonoclasticus_MCTG13d
  /home/jay/genome_analysis_project/Genome-Analysis-VT22/analyses/02_genome_assembly/quast_eval_D3DNA/quast_downloaded_references/Pseudoruegeria_aquimaris.fasta ==> Pseudoruegeria_aquimaris
  /home/jay/genome_analysis_project/Genome-Analysis-VT22/analyses/02_genome_assembly/quast_eval_D3DNA/quast_downloaded_references/Roseobacter_sp._SK209_2_6.fasta ==> Roseobacter_sp._SK209_2_6
  /home/jay/genome_analysis_project/Genome-Analysis-VT22/analyses/02_genome_assembly/quast_eval_D3DNA/quast_downloaded_references/Shewanella_amazonensis_SB2B.fasta ==> Shewanella_amazonensis_SB2B
  /home/jay/genome_analysis_project/Genome-Analysis-VT22/analyses/02_genome_assembly/quast_eval_D3DNA/quast_downloaded_references/Simiduia_sp._J_MY2.fasta ==> Simiduia_sp._J_MY2
  /home/jay/genome_analysis_project/Genome-Analysis-VT22/analyses/02_genome_assembly/quast_eval_D3DNA/quast_downloaded_references/Sphingobium_fuliginis.fasta ==> Sphingobium_fuliginis
  /home/jay/genome_analysis_project/Genome-Analysis-VT22/analyses/02_genome_assembly/quast_eval_D3DNA/quast_downloaded_references/Streptomyces_cyaneogriseus_subsp._noncyanogenus.fasta ==> Streptomyces_cyaneogriseus_subsp._noncyanogenus
  /home/jay/genome_analysis_project/Genome-Analysis-VT22/analyses/02_genome_assembly/quast_eval_D3DNA/quast_downloaded_references/Sulfitobacter_sp._NAS_14.1.fasta ==> Sulfitobacter_sp._NAS_14.1
  /home/jay/genome_analysis_project/Genome-Analysis-VT22/analyses/02_genome_assembly/quast_eval_D3DNA/quast_downloaded_references/Synechococcus_sp._KORDI_49.fasta ==> Synechococcus_sp._KORDI_49
  /home/jay/genome_analysis_project/Genome-Analysis-VT22/analyses/02_genome_assembly/quast_eval_D3DNA/quast_downloaded_references/Syntrophus_aciditrophicus.fasta ==> Syntrophus_aciditrophicus
  /home/jay/genome_analysis_project/Genome-Analysis-VT22/analyses/02_genome_assembly/quast_eval_D3DNA/quast_downloaded_references/Tenacibaculum_skagerrakense.fasta ==> Tenacibaculum_skagerrakense
  /home/jay/genome_analysis_project/Genome-Analysis-VT22/analyses/02_genome_assembly/quast_eval_D3DNA/quast_downloaded_references/Thioalkalivibrio_sp._ALJ17.fasta ==> Thioalkalivibrio_sp._ALJ17
  /home/jay/genome_analysis_project/Genome-Analysis-VT22/analyses/02_genome_assembly/quast_eval_D3DNA/quast_downloaded_references/Thioalkalivibrio_sulfidiphilus_HL_EbGr7.fasta ==> Thioalkalivibrio_sulfidiphilus_HL_EbGr7
  /home/jay/genome_analysis_project/Genome-Analysis-VT22/analyses/02_genome_assembly/quast_eval_D3DNA/quast_downloaded_references/Thiohalobacter_thiocyanaticus.fasta ==> Thiohalobacter_thiocyanaticus
  /home/jay/genome_analysis_project/Genome-Analysis-VT22/analyses/02_genome_assembly/quast_eval_D3DNA/quast_downloaded_references/Ulvibacter_litoralis.fasta ==> Ulvibacter_litoralis
  /home/jay/genome_analysis_project/Genome-Analysis-VT22/analyses/02_genome_assembly/quast_eval_D3DNA/quast_downloaded_references/Xanthomonas_citri_subsp._malvacearum.fasta ==> Xanthomonas_citri_subsp._malvacearum
  /home/jay/genome_analysis_project/Genome-Analysis-VT22/analyses/02_genome_assembly/quast_eval_D3DNA/quast_downloaded_references/alpha_proteobacterium_BAL199.fasta ==> alpha_proteobacterium_BAL199
  /home/jay/genome_analysis_project/Genome-Analysis-VT22/analyses/02_genome_assembly/quast_eval_D3DNA/quast_downloaded_references/endosymbiont_of_Ridgeia_piscesae.fasta ==> endosymbiont_of_Ridgeia_piscesae
  /home/jay/genome_analysis_project/Genome-Analysis-VT22/analyses/02_genome_assembly/quast_eval_D3DNA/quast_downloaded_references/gamma_proteobacterium_SCGC_AB_629_P17.fasta ==> gamma_proteobacterium_SCGC_AB_629_P17
  /home/jay/genome_analysis_project/Genome-Analysis-VT22/analyses/02_genome_assembly/quast_eval_D3DNA/quast_downloaded_references/marine_gamma_proteobacterium_HTCC2080.fasta ==> marine_gamma_proteobacterium_HTCC2080
  /home/jay/genome_analysis_project/Genome-Analysis-VT22/analyses/02_genome_assembly/quast_eval_D3DNA/quast_downloaded_references/marine_metagenome.fasta ==> marine_metagenome
  /home/jay/genome_analysis_project/Genome-Analysis-VT22/analyses/02_genome_assembly/quast_eval_D3DNA/quast_downloaded_references/mine_drainage_metagenome.fasta ==> mine_drainage_metagenome
  All references were combined in combined_reference.fasta

Starting quast.py for the combined reference...
/sw/bioinfo/quast/5.0.2/rackham/bin/quast.py --combined-ref --colors #E31A1C --ls solid --ambiguity-usage all /home/jay/genome_analysis_project/Genome-Analysis-VT22/data/assembly/D3DNA_assembly/megahit_04-18/final.contigs.fa -R /home/jay/genome_analysis_project/Genome-Analysis-VT22/analyses/02_genome_assembly/quast_eval_D3DNA/quast_corrected_input/combined_reference.fasta -o /home/jay/genome_analysis_project/Genome-Analysis-VT22/analyses/02_genome_assembly/quast_eval_D3DNA/combined_reference --labels final.contigs

Started: 2022-04-19 16:40:56

Logging to /home/jay/genome_analysis_project/Genome-Analysis-VT22/analyses/02_genome_assembly/quast_eval_D3DNA/combined_reference/quast.log
NOTICE: Maximum number of threads is set to 4 (use --threads option to set it manually)

CWD: /scratch/6133882
Main parameters: 
  MODE: meta, threads: 4, minimum contig length: 500, minimum alignment length: 65, ambiguity: all, \
  threshold for extensive misassembly size: 1000

Reference:
  /home/jay/genome_analysis_project/Genome-Analysis-VT22/analyses/02_genome_assembly/quast_eval_D3DNA/quast_corrected_input/combined_reference.fasta ==> combined_reference

Contigs:
  Pre-processing...
  /home/jay/genome_analysis_project/Genome-Analysis-VT22/data/assembly/D3DNA_assembly/megahit_04-18/final.contigs.fa ==> final.contigs

2022-04-19 16:41:04
Running Basic statistics processor...
  Reference genome:
    combined_reference.fasta, length = 153504479, num fragments = 1036, GC % = 56.35
WARNING:   Reference genome is fragmented. You may consider rerunning QUAST using --fragmented option. QUAST will try to detect misassemblies caused by the fragmentation and mark them fake (will be excluded from # misassemblies).
  Contig files: 
    final.contigs
  Calculating N50 and L50...
    final.contigs, N50 = 1702, L50 = 13987, Total length = 120479996, GC % = 48.08, # N's per 100 kbp =  0.00
  Drawing Nx plot...
/sw/apps/bioinfo/quast/5.0.2/snowy/bin/metaquast.py:136: DeprecationWarning: the imp module is deprecated in favour of importlib; see the module's documentation for alternative uses
  import imp
    saved to /home/jay/genome_analysis_project/Genome-Analysis-VT22/analyses/02_genome_assembly/quast_eval_D3DNA/combined_reference/basic_stats/Nx_plot.pdf
  Drawing cumulative plot...
    saved to /home/jay/genome_analysis_project/Genome-Analysis-VT22/analyses/02_genome_assembly/quast_eval_D3DNA/combined_reference/basic_stats/cumulative_plot.pdf
  Drawing GC content plot...
    saved to /home/jay/genome_analysis_project/Genome-Analysis-VT22/analyses/02_genome_assembly/quast_eval_D3DNA/combined_reference/basic_stats/GC_content_plot.pdf
  Drawing final.contigs GC content plot...
    saved to /home/jay/genome_analysis_project/Genome-Analysis-VT22/analyses/02_genome_assembly/quast_eval_D3DNA/combined_reference/basic_stats/final.contigs_GC_content_plot.pdf
Done.

2022-04-19 16:41:38
Running Contig analyzer...
  final.contigs
  Logging to files /home/jay/genome_analysis_project/Genome-Analysis-VT22/analyses/02_genome_assembly/quast_eval_D3DNA/combined_reference/contigs_reports/contigs_report_final-contigs.stdout and contigs_report_final-contigs.stderr...
  Aligning contigs to the reference
  Analysis is finished.
  Information about interspecies translocations by references for final_contigs is saved to /home/jay/genome_analysis_project/Genome-Analysis-VT22/analyses/02_genome_assembly/quast_eval_D3DNA/combined_reference/contigs_reports/interspecies_translocations_by_refs_final_contigs.info
  Drawing Intergenomic misassemblies (found and supposed) metaQUAST summary plot...
    saved to /home/jay/genome_analysis_project/Genome-Analysis-VT22/analyses/02_genome_assembly/quast_eval_D3DNA/combined_reference/contigs_reports/intergenomic_misassemblies.pdf
  Creating total report...
    saved to /home/jay/genome_analysis_project/Genome-Analysis-VT22/analyses/02_genome_assembly/quast_eval_D3DNA/combined_reference/contigs_reports/misassemblies_report.txt, misassemblies_report.tsv, and misassemblies_report.tex
  Transposed version of total report...
    saved to /home/jay/genome_analysis_project/Genome-Analysis-VT22/analyses/02_genome_assembly/quast_eval_D3DNA/combined_reference/contigs_reports/transposed_report_misassemblies.txt, transposed_report_misassemblies.tsv, and transposed_report_misassemblies.tex
  Creating total report...
    saved to /home/jay/genome_analysis_project/Genome-Analysis-VT22/analyses/02_genome_assembly/quast_eval_D3DNA/combined_reference/contigs_reports/unaligned_report.txt, unaligned_report.tsv, and unaligned_report.tex
  Drawing misassemblies by types plot...
    saved to /home/jay/genome_analysis_project/Genome-Analysis-VT22/analyses/02_genome_assembly/quast_eval_D3DNA/combined_reference/contigs_reports/misassemblies_plot.pdf
  Drawing misassemblies FRCurve plot...
    saved to /home/jay/genome_analysis_project/Genome-Analysis-VT22/analyses/02_genome_assembly/quast_eval_D3DNA/combined_reference/contigs_reports/misassemblies_frcurve_plot.pdf
Done.

2022-04-19 16:42:27
Running NA-NGA calculation...
  final.contigs, Largest alignment = 1746, NA50 = None, LA50 = None
  Drawing cumulative plot...
    saved to /home/jay/genome_analysis_project/Genome-Analysis-VT22/analyses/02_genome_assembly/quast_eval_D3DNA/combined_reference/aligned_stats/cumulative_plot.pdf
  Drawing NAx plot...
    saved to /home/jay/genome_analysis_project/Genome-Analysis-VT22/analyses/02_genome_assembly/quast_eval_D3DNA/combined_reference/aligned_stats/NAx_plot.pdf
Done.

2022-04-19 16:42:35
Running Genome analyzer...
  NOTICE: No file with genomic features were provided. Use the --features option if you want to specify it.

  NOTICE: No file with operons were provided. Use the -O option if you want to specify it.
  final.contigs
  Analysis is finished.
  Skipping drawing Genome fraction, % histogram... (less than 2 columns histogram makes no sense)
Done.

NOTICE: Genes are not predicted by default. Use --gene-finding or --glimmer option to enable it.

2022-04-19 16:43:33
Creating large visual summaries...
This may take a while: press Ctrl-C to skip this step..
  1 of 2: Creating Icarus viewers...
  2 of 2: Creating PDF with all tables and plots...
Done

2022-04-19 16:43:45
RESULTS:
  Text versions of total report are saved to /home/jay/genome_analysis_project/Genome-Analysis-VT22/analyses/02_genome_assembly/quast_eval_D3DNA/combined_reference/report.txt, report.tsv, and report.tex
  Text versions of transposed total report are saved to /home/jay/genome_analysis_project/Genome-Analysis-VT22/analyses/02_genome_assembly/quast_eval_D3DNA/combined_reference/transposed_report.txt, transposed_report.tsv, and transposed_report.tex
  HTML version (interactive tables and plots) is saved to /home/jay/genome_analysis_project/Genome-Analysis-VT22/analyses/02_genome_assembly/quast_eval_D3DNA/combined_reference/report.html
  PDF version (tables and plots) is saved to /home/jay/genome_analysis_project/Genome-Analysis-VT22/analyses/02_genome_assembly/quast_eval_D3DNA/combined_reference/report.pdf
  Icarus (contig browser) is saved to /home/jay/genome_analysis_project/Genome-Analysis-VT22/analyses/02_genome_assembly/quast_eval_D3DNA/combined_reference/icarus.html

Excluding downloaded references with low genome fraction from further analysis..
All downloaded references have low genome fraction. Nothing was excluded for now.

Partitioning contigs into bins aligned to each reference..
  processing final.contigs

Run QUAST on different references in parallel..

Starting quast.py for the contigs aligned to Alcanivorax_pacificus_W11_5... (logging to /home/jay/genome_analysis_project/Genome-Analysis-VT22/analyses/02_genome_assembly/quast_eval_D3DNA/runs_per_reference/Alcanivorax_pacificus_W11_5/quast.log)

Starting quast.py for the contigs aligned to Aurantimonas_manganoxydans_SI85_9A1... (logging to /home/jay/genome_analysis_project/Genome-Analysis-VT22/analyses/02_genome_assembly/quast_eval_D3DNA/runs_per_reference/Aurantimonas_manganoxydans_SI85_9A1/quast.log)

Starting quast.py for the contigs aligned to Conexibacter_woesei_Iso977N... (logging to /home/jay/genome_analysis_project/Genome-Analysis-VT22/analyses/02_genome_assembly/quast_eval_D3DNA/runs_per_reference/Conexibacter_woesei_Iso977N/quast.log)

Starting quast.py for the contigs aligned to Desulfitibacter_alkalitolerans_DSM_16504... (logging to /home/jay/genome_analysis_project/Genome-Analysis-VT22/analyses/02_genome_assembly/quast_eval_D3DNA/runs_per_reference/Desulfitibacter_alkalitolerans_DSM_16504/quast.log)

Starting quast.py for the contigs aligned to Desulfuromonas_thiophila... (logging to /home/jay/genome_analysis_project/Genome-Analysis-VT22/analyses/02_genome_assembly/quast_eval_D3DNA/runs_per_reference/Desulfuromonas_thiophila/quast.log)

Starting quast.py for the contigs aligned to Flavobacterium_sp._SCGC_AAA160_P02... (logging to /home/jay/genome_analysis_project/Genome-Analysis-VT22/analyses/02_genome_assembly/quast_eval_D3DNA/runs_per_reference/Flavobacterium_sp._SCGC_AAA160_P02/quast.log)

Starting quast.py for the contigs aligned to Fluviicola_taffensis_DSM_16823... (logging to /home/jay/genome_analysis_project/Genome-Analysis-VT22/analyses/02_genome_assembly/quast_eval_D3DNA/runs_per_reference/Fluviicola_taffensis_DSM_16823/quast.log)

Starting quast.py for the contigs aligned to Gaiella_occulta... (logging to /home/jay/genome_analysis_project/Genome-Analysis-VT22/analyses/02_genome_assembly/quast_eval_D3DNA/runs_per_reference/Gaiella_occulta/quast.log)

Starting quast.py for the contigs aligned to Geobacter_sulfurreducens_KN400... (logging to /home/jay/genome_analysis_project/Genome-Analysis-VT22/analyses/02_genome_assembly/quast_eval_D3DNA/runs_per_reference/Geobacter_sulfurreducens_KN400/quast.log)

Starting quast.py for the contigs aligned to Gracilibacteria_bacterium_JGI_0000069_P22... (logging to /home/jay/genome_analysis_project/Genome-Analysis-VT22/analyses/02_genome_assembly/quast_eval_D3DNA/runs_per_reference/Gracilibacteria_bacterium_JGI_0000069_P22/quast.log)

Starting quast.py for the contigs aligned to Magnetococcus_marinus_MC_1... (logging to /home/jay/genome_analysis_project/Genome-Analysis-VT22/analyses/02_genome_assembly/quast_eval_D3DNA/runs_per_reference/Magnetococcus_marinus_MC_1/quast.log)

Starting quast.py for the contigs aligned to Marinomonas_communis... (logging to /home/jay/genome_analysis_project/Genome-Analysis-VT22/analyses/02_genome_assembly/quast_eval_D3DNA/runs_per_reference/Marinomonas_communis/quast.log)

Starting quast.py for the contigs aligned to Methylobacter_sp._XLMV4... (logging to /home/jay/genome_analysis_project/Genome-Analysis-VT22/analyses/02_genome_assembly/quast_eval_D3DNA/runs_per_reference/Methylobacter_sp._XLMV4/quast.log)

Starting quast.py for the contigs aligned to Mollicutes_bacterium_HR1... (logging to /home/jay/genome_analysis_project/Genome-Analysis-VT22/analyses/02_genome_assembly/quast_eval_D3DNA/runs_per_reference/Mollicutes_bacterium_HR1/quast.log)

Starting quast.py for the contigs aligned to Neisseria_sp._CSL_7565... (logging to /home/jay/genome_analysis_project/Genome-Analysis-VT22/analyses/02_genome_assembly/quast_eval_D3DNA/runs_per_reference/Neisseria_sp._CSL_7565/quast.log)

Starting quast.py for the contigs aligned to Nitrospina_gracilis... (logging to /home/jay/genome_analysis_project/Genome-Analysis-VT22/analyses/02_genome_assembly/quast_eval_D3DNA/runs_per_reference/Nitrospina_gracilis/quast.log)

Starting quast.py for the contigs aligned to Nitrospina_sp._SCGC_AAA288_L16... (logging to /home/jay/genome_analysis_project/Genome-Analysis-VT22/analyses/02_genome_assembly/quast_eval_D3DNA/runs_per_reference/Nitrospina_sp._SCGC_AAA288_L16/quast.log)

Starting quast.py for the contigs aligned to Oceanicola_granulosus_HTCC2516... (logging to /home/jay/genome_analysis_project/Genome-Analysis-VT22/analyses/02_genome_assembly/quast_eval_D3DNA/runs_per_reference/Oceanicola_granulosus_HTCC2516/quast.log)

Starting quast.py for the contigs aligned to Owenweeksia_hongkongensis_DSM_17368... (logging to /home/jay/genome_analysis_project/Genome-Analysis-VT22/analyses/02_genome_assembly/quast_eval_D3DNA/runs_per_reference/Owenweeksia_hongkongensis_DSM_17368/quast.log)

Starting quast.py for the contigs aligned to Paracoccus_aminophilus... (logging to /home/jay/genome_analysis_project/Genome-Analysis-VT22/analyses/02_genome_assembly/quast_eval_D3DNA/runs_per_reference/Paracoccus_aminophilus/quast.log)

Starting quast.py for the contigs aligned to Porticoccus_hydrocarbonoclasticus_MCTG13d... (logging to /home/jay/genome_analysis_project/Genome-Analysis-VT22/analyses/02_genome_assembly/quast_eval_D3DNA/runs_per_reference/Porticoccus_hydrocarbonoclasticus_MCTG13d/quast.log)

Starting quast.py for the contigs aligned to Pseudoruegeria_aquimaris... (logging to /home/jay/genome_analysis_project/Genome-Analysis-VT22/analyses/02_genome_assembly/quast_eval_D3DNA/runs_per_reference/Pseudoruegeria_aquimaris/quast.log)

Starting quast.py for the contigs aligned to Roseobacter_sp._SK209_2_6... (logging to /home/jay/genome_analysis_project/Genome-Analysis-VT22/analyses/02_genome_assembly/quast_eval_D3DNA/runs_per_reference/Roseobacter_sp._SK209_2_6/quast.log)

Starting quast.py for the contigs aligned to Shewanella_amazonensis_SB2B... (logging to /home/jay/genome_analysis_project/Genome-Analysis-VT22/analyses/02_genome_assembly/quast_eval_D3DNA/runs_per_reference/Shewanella_amazonensis_SB2B/quast.log)

Starting quast.py for the contigs aligned to Simiduia_sp._J_MY2... (logging to /home/jay/genome_analysis_project/Genome-Analysis-VT22/analyses/02_genome_assembly/quast_eval_D3DNA/runs_per_reference/Simiduia_sp._J_MY2/quast.log)

Starting quast.py for the contigs aligned to Sphingobium_fuliginis... (logging to /home/jay/genome_analysis_project/Genome-Analysis-VT22/analyses/02_genome_assembly/quast_eval_D3DNA/runs_per_reference/Sphingobium_fuliginis/quast.log)

Starting quast.py for the contigs aligned to Streptomyces_cyaneogriseus_subsp._noncyanogenus... (logging to /home/jay/genome_analysis_project/Genome-Analysis-VT22/analyses/02_genome_assembly/quast_eval_D3DNA/runs_per_reference/Streptomyces_cyaneogriseus_subsp._noncyanogenus/quast.log)

Starting quast.py for the contigs aligned to Sulfitobacter_sp._NAS_14.1... (logging to /home/jay/genome_analysis_project/Genome-Analysis-VT22/analyses/02_genome_assembly/quast_eval_D3DNA/runs_per_reference/Sulfitobacter_sp._NAS_14.1/quast.log)

Starting quast.py for the contigs aligned to Synechococcus_sp._KORDI_49... (logging to /home/jay/genome_analysis_project/Genome-Analysis-VT22/analyses/02_genome_assembly/quast_eval_D3DNA/runs_per_reference/Synechococcus_sp._KORDI_49/quast.log)

Starting quast.py for the contigs aligned to Syntrophus_aciditrophicus... (logging to /home/jay/genome_analysis_project/Genome-Analysis-VT22/analyses/02_genome_assembly/quast_eval_D3DNA/runs_per_reference/Syntrophus_aciditrophicus/quast.log)

Starting quast.py for the contigs aligned to Tenacibaculum_skagerrakense... (logging to /home/jay/genome_analysis_project/Genome-Analysis-VT22/analyses/02_genome_assembly/quast_eval_D3DNA/runs_per_reference/Tenacibaculum_skagerrakense/quast.log)

Starting quast.py for the contigs aligned to Thioalkalivibrio_sp._ALJ17... (logging to /home/jay/genome_analysis_project/Genome-Analysis-VT22/analyses/02_genome_assembly/quast_eval_D3DNA/runs_per_reference/Thioalkalivibrio_sp._ALJ17/quast.log)

Starting quast.py for the contigs aligned to Thioalkalivibrio_sulfidiphilus_HL_EbGr7... (logging to /home/jay/genome_analysis_project/Genome-Analysis-VT22/analyses/02_genome_assembly/quast_eval_D3DNA/runs_per_reference/Thioalkalivibrio_sulfidiphilus_HL_EbGr7/quast.log)

Starting quast.py for the contigs aligned to Thiohalobacter_thiocyanaticus... (logging to /home/jay/genome_analysis_project/Genome-Analysis-VT22/analyses/02_genome_assembly/quast_eval_D3DNA/runs_per_reference/Thiohalobacter_thiocyanaticus/quast.log)

Starting quast.py for the contigs aligned to Ulvibacter_litoralis... (logging to /home/jay/genome_analysis_project/Genome-Analysis-VT22/analyses/02_genome_assembly/quast_eval_D3DNA/runs_per_reference/Ulvibacter_litoralis/quast.log)

Starting quast.py for the contigs aligned to Xanthomonas_citri_subsp._malvacearum... (logging to /home/jay/genome_analysis_project/Genome-Analysis-VT22/analyses/02_genome_assembly/quast_eval_D3DNA/runs_per_reference/Xanthomonas_citri_subsp._malvacearum/quast.log)

Starting quast.py for the contigs aligned to alpha_proteobacterium_BAL199... (logging to /home/jay/genome_analysis_project/Genome-Analysis-VT22/analyses/02_genome_assembly/quast_eval_D3DNA/runs_per_reference/alpha_proteobacterium_BAL199/quast.log)

Starting quast.py for the contigs aligned to endosymbiont_of_Ridgeia_piscesae... (logging to /home/jay/genome_analysis_project/Genome-Analysis-VT22/analyses/02_genome_assembly/quast_eval_D3DNA/runs_per_reference/endosymbiont_of_Ridgeia_piscesae/quast.log)

Starting quast.py for the contigs aligned to gamma_proteobacterium_SCGC_AB_629_P17... (logging to /home/jay/genome_analysis_project/Genome-Analysis-VT22/analyses/02_genome_assembly/quast_eval_D3DNA/runs_per_reference/gamma_proteobacterium_SCGC_AB_629_P17/quast.log)

Starting quast.py for the contigs aligned to marine_gamma_proteobacterium_HTCC2080... (logging to /home/jay/genome_analysis_project/Genome-Analysis-VT22/analyses/02_genome_assembly/quast_eval_D3DNA/runs_per_reference/marine_gamma_proteobacterium_HTCC2080/quast.log)

Starting quast.py for the contigs aligned to marine_metagenome... (logging to /home/jay/genome_analysis_project/Genome-Analysis-VT22/analyses/02_genome_assembly/quast_eval_D3DNA/runs_per_reference/marine_metagenome/quast.log)

No contigs were aligned to the reference mine_drainage_metagenome, skipping..

Starting quast.py for the contigs not aligned anywhere... (logging to /home/jay/genome_analysis_project/Genome-Analysis-VT22/analyses/02_genome_assembly/quast_eval_D3DNA/not_aligned/quast.log)
/sw/bioinfo/quast/5.0.2/rackham/bin/quast.py --colors #E31A1C --ls solid --no-check-meta --contig-thresholds 1000,5000,10000,25000,50000 -t 4 /home/jay/genome_analysis_project/Genome-Analysis-VT22/analyses/02_genome_assembly/quast_eval_D3DNA/quast_corrected_input/final-contigs_not_aligned_anywhere.fasta -o /home/jay/genome_analysis_project/Genome-Analysis-VT22/analyses/02_genome_assembly/quast_eval_D3DNA/not_aligned --labels final.contigs

Started: 2022-04-19 16:47:03

Logging to /home/jay/genome_analysis_project/Genome-Analysis-VT22/analyses/02_genome_assembly/quast_eval_D3DNA/not_aligned/quast.log

CWD: /scratch/6133882
Main parameters: 
  MODE: meta, threads: 4, minimum contig length: 500, minimum alignment length: 65, ambiguity: one, \
  threshold for extensive misassembly size: 1000

Contigs:
  Pre-processing...
  /home/jay/genome_analysis_project/Genome-Analysis-VT22/analyses/02_genome_assembly/quast_eval_D3DNA/quast_corrected_input/final-contigs_not_aligned_anywhere.fasta ==> final.contigs

2022-04-19 16:47:09
Running Basic statistics processor...
  Contig files: 
    final.contigs
  Calculating N50 and L50...
    final.contigs, N50 = 1652, L50 = 14514, Total length = 117886582, GC % = 47.89, # N's per 100 kbp =  0.00
  Drawing Nx plot...
    saved to /home/jay/genome_analysis_project/Genome-Analysis-VT22/analyses/02_genome_assembly/quast_eval_D3DNA/not_aligned/basic_stats/Nx_plot.pdf
  Drawing cumulative plot...
    saved to /home/jay/genome_analysis_project/Genome-Analysis-VT22/analyses/02_genome_assembly/quast_eval_D3DNA/not_aligned/basic_stats/cumulative_plot.pdf
  Drawing GC content plot...
