+ cat /var/spool/slurmd/job6133880/slurm_script
#!/bin/bash -l
#SBATCH -A uppmax2022-2-5 -M snowy
#SBATCH -p core
#SBATCH -n 2
#SBATCH -J 02_quast_D1DNA_assembly
#SBATCH -t 1:00:00
#SBATCH --mail-type=ALL
#SBATCH --mail-user jay.hakansson.4449@student.uu.se


#for troubleshooting
set -x

cat $0
echo QOS = $SLURM_JOB_QOS

#work in node-local storage
cd $SNIC_TMP
module load bioinfo-tools quast

#To aquire reference genomes
metaquast.py --test-no-ref

metaquast.py $HOME/genome_analysis_project/Genome-Analysis-VT22/data/assembly/D1DNA_assembly/megahit_04-18/final.contigs.fa -o $HOME/genome_analysis_project/Genome-Analysis-VT22/analyses/02_genome_assembly/quast_eval_D1DNA
+ echo QOS = normal
QOS = normal
+ cd /scratch/6133880
+ module load bioinfo-tools quast
++ /usr/share/lmod/lmod/libexec/lmod bash load bioinfo-tools quast
+ eval '__LMOD_REF_COUNT_LD_LIBRARY_PATH=/sw/libs/wxWidgets/lib:3;' export '__LMOD_REF_COUNT_LD_LIBRARY_PATH;' 'LD_LIBRARY_PATH=/sw/libs/wxWidgets/lib;' export 'LD_LIBRARY_PATH;' '__LMOD_REF_COUNT_LOADEDMODULES=uppmax:4\;bioinfo-tools:3\;python/3.7.2:3\;quast/5.0.2:3;' export '__LMOD_REF_COUNT_LOADEDMODULES;' 'LOADEDMODULES=uppmax:bioinfo-tools:python/3.7.2:quast/5.0.2;' export 'LOADEDMODULES;' '__LMOD_REF_COUNT_MANPATH=/sw/comp/python/3.7.2_snowy/share/man:2\;/sw/comp/python/3.7.2_rackham/share/man:1\;/usr/share/man:4\;/sw/uppmax/man:4\;/opt/thinlinc/share/man:4;' export '__LMOD_REF_COUNT_MANPATH;' 'MANPATH=/sw/comp/python/3.7.2_snowy/share/man:/sw/comp/python/3.7.2_rackham/share/man:/usr/share/man:/sw/uppmax/man:/opt/thinlinc/share/man;' export 'MANPATH;' 'MODULEPATH=/sw/mf/snowy/bioinfo-tools/annotation:/sw/mf/snowy/bioinfo-tools/alignment:/sw/mf/snowy/bioinfo-tools/assembly:/sw/mf/snowy/bioinfo-tools/misc:/sw/mf/snowy/bioinfo-tools/phylogeny:/sw/mf/snowy/bioinfo-tools/pipelines:/sw/mf/snowy/bioinfo-tools/sw_collections:/sw/mf/snowy/applications:/sw/mf/snowy/build-tools:/sw/mf/snowy/compilers:/sw/mf/snowy/data:/sw/mf/snowy/environment:/sw/mf/snowy/libraries:/sw/mf/snowy/parallel;' export 'MODULEPATH;' '__LMOD_REF_COUNT_PATH=/sw/apps/bioinfo/quast/5.0.2/snowy/bin:2\;/sw/comp/python/3.7.2_snowy/bin:2\;/home/jay/bin:2\;/sw/apps/bioinfo/quast/5.0.2/rackham/bin:1\;/sw/comp/python/3.7.2_rackham/bin:1\;/usr/local/bin:1\;/usr/bin:1\;/usr/local/sbin:1\;/usr/sbin:1\;/sw/uppmax/bin:4;' export '__LMOD_REF_COUNT_PATH;' 'PATH=/sw/apps/bioinfo/quast/5.0.2/snowy/bin:/sw/comp/python/3.7.2_snowy/bin:/home/jay/bin:/sw/apps/bioinfo/quast/5.0.2/rackham/bin:/sw/comp/python/3.7.2_rackham/bin:/usr/local/bin:/usr/bin:/usr/local/sbin:/usr/sbin:/sw/uppmax/bin;' export 'PATH;' '__LMOD_REF_COUNT_PKG_CONFIG_PATH=/sw/comp/python/3.7.2_snowy/lib/pkgconfig:2\;/sw/comp/python/3.7.2_rackham/lib/pkgconfig:1;' export '__LMOD_REF_COUNT_PKG_CONFIG_PATH;' 'PKG_CONFIG_PATH=/sw/comp/python/3.7.2_snowy/lib/pkgconfig:/sw/comp/python/3.7.2_rackham/lib/pkgconfig;' export 'PKG_CONFIG_PATH;' '__LMOD_REF_COUNT_PYTHONPATH=/sw/apps/bioinfo/quast/5.0.2/snowy/lib/python3.7/site-packages:2\;/sw/apps/bioinfo/quast/5.0.2/rackham/lib/python3.7/site-packages:1;' export '__LMOD_REF_COUNT_PYTHONPATH;' 'PYTHONPATH=/sw/apps/bioinfo/quast/5.0.2/snowy/lib/python3.7/site-packages:/sw/apps/bioinfo/quast/5.0.2/rackham/lib/python3.7/site-packages;' export 'PYTHONPATH;' 'PYTHON_ROOT=/sw/comp/python/3.7.2_snowy;' export 'PYTHON_ROOT;' '__LMOD_REF_COUNT__LMFILES_=/sw/mf/snowy/environment/bioinfo-tools:1\;/sw/mf/snowy/compilers/python/3.7.2:1\;/sw/mf/snowy/bioinfo-tools/misc/quast/5.0.2:1;' export '__LMOD_REF_COUNT__LMFILES_;' '_LMFILES_=/sw/mf/snowy/environment/bioinfo-tools:/sw/mf/snowy/compilers/python/3.7.2:/sw/mf/snowy/bioinfo-tools/misc/quast/5.0.2;' export '_LMFILES_;' '_ModuleTable001_=X01vZHVsZVRhYmxlXz17WyJNVHZlcnNpb24iXT0zLFsiY19yZWJ1aWxkVGltZSJdPWZhbHNlLFsiY19zaG9ydFRpbWUiXT1mYWxzZSxkZXB0aFQ9e30sZmFtaWx5PXt9LG1UPXtbImJpb2luZm8tdG9vbHMiXT17WyJmbiJdPSIvc3cvbWYvc25vd3kvZW52aXJvbm1lbnQvYmlvaW5mby10b29scyIsWyJmdWxsTmFtZSJdPSJiaW9pbmZvLXRvb2xzIixbImxvYWRPcmRlciJdPTEscHJvcFQ9e30sWyJzdGFja0RlcHRoIl09MCxbInN0YXR1cyJdPSJhY3RpdmUiLFsidXNlck5hbWUiXT0iYmlvaW5mby10b29scyIsfSxweXRob249e1siZm4iXT0iL3N3L21mL3Nub3d5L2NvbXBpbGVycy9weXRob24vMy43LjIiLFsiZnVsbE5hbWUiXT0icHl0aG9uLzMuNy4yIixbImxvYWRPcmRlciJd;' export '_ModuleTable001_;' '_ModuleTable002_=PTIscHJvcFQ9e30sWyJzdGFja0RlcHRoIl09MSxbInN0YXR1cyJdPSJhY3RpdmUiLFsidXNlck5hbWUiXT0icHl0aG9uLzMuNy4yIix9LHF1YXN0PXtbImZuIl09Ii9zdy9tZi9zbm93eS9iaW9pbmZvLXRvb2xzL21pc2MvcXVhc3QvNS4wLjIiLFsiZnVsbE5hbWUiXT0icXVhc3QvNS4wLjIiLFsibG9hZE9yZGVyIl09Myxwcm9wVD17fSxbInN0YWNrRGVwdGgiXT0wLFsic3RhdHVzIl09ImFjdGl2ZSIsWyJ1c2VyTmFtZSJdPSJxdWFzdCIsfSx9LG1wYXRoQT17Ii9zdy9tZi9zbm93eS9iaW9pbmZvLXRvb2xzL2Fubm90YXRpb24iLCIvc3cvbWYvc25vd3kvYmlvaW5mby10b29scy9hbGlnbm1lbnQiLCIvc3cvbWYvc25vd3kvYmlvaW5mby10b29scy9hc3NlbWJseSIsIi9zdy9t;' export '_ModuleTable002_;' '_ModuleTable003_=Zi9zbm93eS9iaW9pbmZvLXRvb2xzL21pc2MiLCIvc3cvbWYvc25vd3kvYmlvaW5mby10b29scy9waHlsb2dlbnkiLCIvc3cvbWYvc25vd3kvYmlvaW5mby10b29scy9waXBlbGluZXMiLCIvc3cvbWYvc25vd3kvYmlvaW5mby10b29scy9zd19jb2xsZWN0aW9ucyIsIi9zdy9tZi9zbm93eS9hcHBsaWNhdGlvbnMiLCIvc3cvbWYvc25vd3kvYnVpbGQtdG9vbHMiLCIvc3cvbWYvc25vd3kvY29tcGlsZXJzIiwiL3N3L21mL3Nub3d5L2RhdGEiLCIvc3cvbWYvc25vd3kvZW52aXJvbm1lbnQiLCIvc3cvbWYvc25vd3kvbGlicmFyaWVzIiwiL3N3L21mL3Nub3d5L3BhcmFsbGVsIix9LFsic3lzdGVtQmFzZU1QQVRIIl09Ii9zdy9tZi9zbm93eS9hcHBsaWNhdGlvbnM6L3N3L21mL3Nu;' export '_ModuleTable003_;' '_ModuleTable004_=b3d5L2J1aWxkLXRvb2xzOi9zdy9tZi9zbm93eS9jb21waWxlcnM6L3N3L21mL3Nub3d5L2RhdGE6L3N3L21mL3Nub3d5L2Vudmlyb25tZW50Oi9zdy9tZi9zbm93eS9saWJyYXJpZXM6L3N3L21mL3Nub3d5L3BhcmFsbGVsIix9;' export '_ModuleTable004_;' '_ModuleTable_Sz_=4;' export '_ModuleTable_Sz_;'
++ __LMOD_REF_COUNT_LD_LIBRARY_PATH=/sw/libs/wxWidgets/lib:3
++ export __LMOD_REF_COUNT_LD_LIBRARY_PATH
++ LD_LIBRARY_PATH=/sw/libs/wxWidgets/lib
++ export LD_LIBRARY_PATH
++ __LMOD_REF_COUNT_LOADEDMODULES='uppmax:4;bioinfo-tools:3;python/3.7.2:3;quast/5.0.2:3'
++ export __LMOD_REF_COUNT_LOADEDMODULES
++ LOADEDMODULES=uppmax:bioinfo-tools:python/3.7.2:quast/5.0.2
++ export LOADEDMODULES
++ __LMOD_REF_COUNT_MANPATH='/sw/comp/python/3.7.2_snowy/share/man:2;/sw/comp/python/3.7.2_rackham/share/man:1;/usr/share/man:4;/sw/uppmax/man:4;/opt/thinlinc/share/man:4'
++ export __LMOD_REF_COUNT_MANPATH
++ MANPATH=/sw/comp/python/3.7.2_snowy/share/man:/sw/comp/python/3.7.2_rackham/share/man:/usr/share/man:/sw/uppmax/man:/opt/thinlinc/share/man
++ export MANPATH
++ MODULEPATH=/sw/mf/snowy/bioinfo-tools/annotation:/sw/mf/snowy/bioinfo-tools/alignment:/sw/mf/snowy/bioinfo-tools/assembly:/sw/mf/snowy/bioinfo-tools/misc:/sw/mf/snowy/bioinfo-tools/phylogeny:/sw/mf/snowy/bioinfo-tools/pipelines:/sw/mf/snowy/bioinfo-tools/sw_collections:/sw/mf/snowy/applications:/sw/mf/snowy/build-tools:/sw/mf/snowy/compilers:/sw/mf/snowy/data:/sw/mf/snowy/environment:/sw/mf/snowy/libraries:/sw/mf/snowy/parallel
++ export MODULEPATH
++ __LMOD_REF_COUNT_PATH='/sw/apps/bioinfo/quast/5.0.2/snowy/bin:2;/sw/comp/python/3.7.2_snowy/bin:2;/home/jay/bin:2;/sw/apps/bioinfo/quast/5.0.2/rackham/bin:1;/sw/comp/python/3.7.2_rackham/bin:1;/usr/local/bin:1;/usr/bin:1;/usr/local/sbin:1;/usr/sbin:1;/sw/uppmax/bin:4'
++ export __LMOD_REF_COUNT_PATH
++ PATH=/sw/apps/bioinfo/quast/5.0.2/snowy/bin:/sw/comp/python/3.7.2_snowy/bin:/home/jay/bin:/sw/apps/bioinfo/quast/5.0.2/rackham/bin:/sw/comp/python/3.7.2_rackham/bin:/usr/local/bin:/usr/bin:/usr/local/sbin:/usr/sbin:/sw/uppmax/bin
++ export PATH
++ __LMOD_REF_COUNT_PKG_CONFIG_PATH='/sw/comp/python/3.7.2_snowy/lib/pkgconfig:2;/sw/comp/python/3.7.2_rackham/lib/pkgconfig:1'
++ export __LMOD_REF_COUNT_PKG_CONFIG_PATH
++ PKG_CONFIG_PATH=/sw/comp/python/3.7.2_snowy/lib/pkgconfig:/sw/comp/python/3.7.2_rackham/lib/pkgconfig
++ export PKG_CONFIG_PATH
++ __LMOD_REF_COUNT_PYTHONPATH='/sw/apps/bioinfo/quast/5.0.2/snowy/lib/python3.7/site-packages:2;/sw/apps/bioinfo/quast/5.0.2/rackham/lib/python3.7/site-packages:1'
++ export __LMOD_REF_COUNT_PYTHONPATH
++ PYTHONPATH=/sw/apps/bioinfo/quast/5.0.2/snowy/lib/python3.7/site-packages:/sw/apps/bioinfo/quast/5.0.2/rackham/lib/python3.7/site-packages
++ export PYTHONPATH
++ PYTHON_ROOT=/sw/comp/python/3.7.2_snowy
++ export PYTHON_ROOT
++ __LMOD_REF_COUNT__LMFILES_='/sw/mf/snowy/environment/bioinfo-tools:1;/sw/mf/snowy/compilers/python/3.7.2:1;/sw/mf/snowy/bioinfo-tools/misc/quast/5.0.2:1'
++ export __LMOD_REF_COUNT__LMFILES_
++ _LMFILES_=/sw/mf/snowy/environment/bioinfo-tools:/sw/mf/snowy/compilers/python/3.7.2:/sw/mf/snowy/bioinfo-tools/misc/quast/5.0.2
++ export _LMFILES_
++ _ModuleTable001_=X01vZHVsZVRhYmxlXz17WyJNVHZlcnNpb24iXT0zLFsiY19yZWJ1aWxkVGltZSJdPWZhbHNlLFsiY19zaG9ydFRpbWUiXT1mYWxzZSxkZXB0aFQ9e30sZmFtaWx5PXt9LG1UPXtbImJpb2luZm8tdG9vbHMiXT17WyJmbiJdPSIvc3cvbWYvc25vd3kvZW52aXJvbm1lbnQvYmlvaW5mby10b29scyIsWyJmdWxsTmFtZSJdPSJiaW9pbmZvLXRvb2xzIixbImxvYWRPcmRlciJdPTEscHJvcFQ9e30sWyJzdGFja0RlcHRoIl09MCxbInN0YXR1cyJdPSJhY3RpdmUiLFsidXNlck5hbWUiXT0iYmlvaW5mby10b29scyIsfSxweXRob249e1siZm4iXT0iL3N3L21mL3Nub3d5L2NvbXBpbGVycy9weXRob24vMy43LjIiLFsiZnVsbE5hbWUiXT0icHl0aG9uLzMuNy4yIixbImxvYWRPcmRlciJd
++ export _ModuleTable001_
++ _ModuleTable002_=PTIscHJvcFQ9e30sWyJzdGFja0RlcHRoIl09MSxbInN0YXR1cyJdPSJhY3RpdmUiLFsidXNlck5hbWUiXT0icHl0aG9uLzMuNy4yIix9LHF1YXN0PXtbImZuIl09Ii9zdy9tZi9zbm93eS9iaW9pbmZvLXRvb2xzL21pc2MvcXVhc3QvNS4wLjIiLFsiZnVsbE5hbWUiXT0icXVhc3QvNS4wLjIiLFsibG9hZE9yZGVyIl09Myxwcm9wVD17fSxbInN0YWNrRGVwdGgiXT0wLFsic3RhdHVzIl09ImFjdGl2ZSIsWyJ1c2VyTmFtZSJdPSJxdWFzdCIsfSx9LG1wYXRoQT17Ii9zdy9tZi9zbm93eS9iaW9pbmZvLXRvb2xzL2Fubm90YXRpb24iLCIvc3cvbWYvc25vd3kvYmlvaW5mby10b29scy9hbGlnbm1lbnQiLCIvc3cvbWYvc25vd3kvYmlvaW5mby10b29scy9hc3NlbWJseSIsIi9zdy9t
++ export _ModuleTable002_
++ _ModuleTable003_=Zi9zbm93eS9iaW9pbmZvLXRvb2xzL21pc2MiLCIvc3cvbWYvc25vd3kvYmlvaW5mby10b29scy9waHlsb2dlbnkiLCIvc3cvbWYvc25vd3kvYmlvaW5mby10b29scy9waXBlbGluZXMiLCIvc3cvbWYvc25vd3kvYmlvaW5mby10b29scy9zd19jb2xsZWN0aW9ucyIsIi9zdy9tZi9zbm93eS9hcHBsaWNhdGlvbnMiLCIvc3cvbWYvc25vd3kvYnVpbGQtdG9vbHMiLCIvc3cvbWYvc25vd3kvY29tcGlsZXJzIiwiL3N3L21mL3Nub3d5L2RhdGEiLCIvc3cvbWYvc25vd3kvZW52aXJvbm1lbnQiLCIvc3cvbWYvc25vd3kvbGlicmFyaWVzIiwiL3N3L21mL3Nub3d5L3BhcmFsbGVsIix9LFsic3lzdGVtQmFzZU1QQVRIIl09Ii9zdy9tZi9zbm93eS9hcHBsaWNhdGlvbnM6L3N3L21mL3Nu
++ export _ModuleTable003_
++ _ModuleTable004_=b3d5L2J1aWxkLXRvb2xzOi9zdy9tZi9zbm93eS9jb21waWxlcnM6L3N3L21mL3Nub3d5L2RhdGE6L3N3L21mL3Nub3d5L2Vudmlyb25tZW50Oi9zdy9tZi9zbm93eS9saWJyYXJpZXM6L3N3L21mL3Nub3d5L3BhcmFsbGVsIix9
++ export _ModuleTable004_
++ _ModuleTable_Sz_=4
++ export _ModuleTable_Sz_
++ : -s sh
+ eval
+ metaquast.py --test-no-ref

You are probably running QUAST installed via pip, which does not include test data.
This is fine, just start using QUAST on your own data!

If you still want to run tests, please download and unpack test data to CWD:
  wget quast.sf.net/test_data.tar.gz && tar xzf test_data.tar.gz

+ metaquast.py /home/jay/genome_analysis_project/Genome-Analysis-VT22/data/assembly/D1DNA_assembly/megahit_04-18/final.contigs.fa -o /home/jay/genome_analysis_project/Genome-Analysis-VT22/analyses/02_genome_assembly/quast_eval_D1DNA
/sw/bioinfo/quast/5.0.2/rackham/bin/metaquast.py /home/jay/genome_analysis_project/Genome-Analysis-VT22/data/assembly/D1DNA_assembly/megahit_04-18/final.contigs.fa -o /home/jay/genome_analysis_project/Genome-Analysis-VT22/analyses/02_genome_assembly/quast_eval_D1DNA

Version: 5.0.2

System information:
  OS: Linux-3.10.0-1160.59.1.el7.x86_64-x86_64-with-centos-7.9.2009-Core (linux_64)
  Python version: 3.7.2
  CPUs number: 16

Started: 2022-04-19 15:59:08

Logging to /home/jay/genome_analysis_project/Genome-Analysis-VT22/analyses/02_genome_assembly/quast_eval_D1DNA/metaquast.log
NOTICE: Maximum number of threads is set to 4 (use --threads option to set it manually)

Contigs:
  Pre-processing...
  /home/jay/genome_analysis_project/Genome-Analysis-VT22/data/assembly/D1DNA_assembly/megahit_04-18/final.contigs.fa ==> final.contigs

No references are provided, starting to search for reference genomes in SILVA 16S rRNA database and to download them from NCBI...

2022-04-19 15:59:17
Downloading blast (file: makeblastdb)...
 0.0% of 27429520 bytes
 1.0% of 27429520 bytes
 2.0% of 27429520 bytes
 3.0% of 27429520 bytes
 4.0% of 27429520 bytes
 5.0% of 27429520 bytes
 6.0% of 27429520 bytes
 7.0% of 27429520 bytes
 8.0% of 27429520 bytes
 9.0% of 27429520 bytes
 10.0% of 27429520 bytes
 11.0% of 27429520 bytes
 12.0% of 27429520 bytes
 13.0% of 27429520 bytes
 14.0% of 27429520 bytes
 15.0% of 27429520 bytes
 16.0% of 27429520 bytes
 17.0% of 27429520 bytes
 18.0% of 27429520 bytes
 19.0% of 27429520 bytes
 20.0% of 27429520 bytes
 21.0% of 27429520 bytes
 22.0% of 27429520 bytes
 23.0% of 27429520 bytes
 24.0% of 27429520 bytes
 25.0% of 27429520 bytes
 26.0% of 27429520 bytes
 27.0% of 27429520 bytes
 28.0% of 27429520 bytes
 29.0% of 27429520 bytes
 30.0% of 27429520 bytes
 31.0% of 27429520 bytes
 32.0% of 27429520 bytes
 33.0% of 27429520 bytes
 34.0% of 27429520 bytes
 35.0% of 27429520 bytes
 36.0% of 27429520 bytes
 37.0% of 27429520 bytes
 38.0% of 27429520 bytes
 39.0% of 27429520 bytes
 40.0% of 27429520 bytes
 41.0% of 27429520 bytes
 42.0% of 27429520 bytes
 43.0% of 27429520 bytes
 44.0% of 27429520 bytes
 45.0% of 27429520 bytes
 46.0% of 27429520 bytes
 47.0% of 27429520 bytes
 48.0% of 27429520 bytes
 49.0% of 27429520 bytes
 50.0% of 27429520 bytes
 51.0% of 27429520 bytes
 52.0% of 27429520 bytes
 53.0% of 27429520 bytes
 54.0% of 27429520 bytes
 55.0% of 27429520 bytes
 56.0% of 27429520 bytes
 57.0% of 27429520 bytes
 58.0% of 27429520 bytes
 59.0% of 27429520 bytes
 60.0% of 27429520 bytes
 61.0% of 27429520 bytes
 62.0% of 27429520 bytes
 63.0% of 27429520 bytes
 64.0% of 27429520 bytes
 65.0% of 27429520 bytes
 66.0% of 27429520 bytes
 67.0% of 27429520 bytes
 68.0% of 27429520 bytes
 68.0% of 27429520 bytes
 69.0% of 27429520 bytes
 70.0% of 27429520 bytes
 71.0% of 27429520 bytes
 72.0% of 27429520 bytes
 73.0% of 27429520 bytes
 74.0% of 27429520 bytes
 75.0% of 27429520 bytes
 76.0% of 27429520 bytes
 77.0% of 27429520 bytes
 78.0% of 27429520 bytes
 79.0% of 27429520 bytes
 80.0% of 27429520 bytes
 81.0% of 27429520 bytes
 82.0% of 27429520 bytes
 83.0% of 27429520 bytes
 84.0% of 27429520 bytes
 85.0% of 27429520 bytes
 86.0% of 27429520 bytes
 87.0% of 27429520 bytes
 88.0% of 27429520 bytes
 89.0% of 27429520 bytes
 90.0% of 27429520 bytes
 91.0% of 27429520 bytes
 92.0% of 27429520 bytes
 93.0% of 27429520 bytes
 94.0% of 27429520 bytes
 95.0% of 27429520 bytes
 96.0% of 27429520 bytes
 97.0% of 27429520 bytes
 98.0% of 27429520 bytes
 99.0% of 27429520 bytes
blast successfully downloaded!
Downloading blast (file: blastn)...
 0.0% of 39777200 bytes
 1.0% of 39777200 bytes
 2.0% of 39777200 bytes
 3.0% of 39777200 bytes
 4.0% of 39777200 bytes
 5.0% of 39777200 bytes
 6.0% of 39777200 bytes
 7.0% of 39777200 bytes
 8.0% of 39777200 bytes
 9.0% of 39777200 bytes
 10.0% of 39777200 bytes
 11.0% of 39777200 bytes
 12.0% of 39777200 bytes
 13.0% of 39777200 bytes
 14.0% of 39777200 bytes
 15.0% of 39777200 bytes
 16.0% of 39777200 bytes
 17.0% of 39777200 bytes
 18.0% of 39777200 bytes
 19.0% of 39777200 bytes
 20.0% of 39777200 bytes
 21.0% of 39777200 bytes
 22.0% of 39777200 bytes
 23.0% of 39777200 bytes
 24.0% of 39777200 bytes
 25.0% of 39777200 bytes
 26.0% of 39777200 bytes
 27.0% of 39777200 bytes
 28.0% of 39777200 bytes
 29.0% of 39777200 bytes
 30.0% of 39777200 bytes
 31.0% of 39777200 bytes
 32.0% of 39777200 bytes
 33.0% of 39777200 bytes
 34.0% of 39777200 bytes
 35.0% of 39777200 bytes
 36.0% of 39777200 bytes
 37.0% of 39777200 bytes
 38.0% of 39777200 bytes
 39.0% of 39777200 bytes
 40.0% of 39777200 bytes
 41.0% of 39777200 bytes
 42.0% of 39777200 bytes
 43.0% of 39777200 bytes
 44.0% of 39777200 bytes
 45.0% of 39777200 bytes
 46.0% of 39777200 bytes
 47.0% of 39777200 bytes
 48.0% of 39777200 bytes
 49.0% of 39777200 bytes
 50.0% of 39777200 bytes
 51.0% of 39777200 bytes
 52.0% of 39777200 bytes
 53.0% of 39777200 bytes
 54.0% of 39777200 bytes
 55.0% of 39777200 bytes
 56.0% of 39777200 bytes
 57.0% of 39777200 bytes
 58.0% of 39777200 bytes
 59.0% of 39777200 bytes
 60.0% of 39777200 bytes
 61.0% of 39777200 bytes
 62.0% of 39777200 bytes
 63.0% of 39777200 bytes
 64.0% of 39777200 bytes
 65.0% of 39777200 bytes
 66.0% of 39777200 bytes
 67.0% of 39777200 bytes
 68.0% of 39777200 bytes
 69.0% of 39777200 bytes
 70.0% of 39777200 bytes
 71.0% of 39777200 bytes
 72.0% of 39777200 bytes
 73.0% of 39777200 bytes
 74.0% of 39777200 bytes
 75.0% of 39777200 bytes
 76.0% of 39777200 bytes
 77.0% of 39777200 bytes
 78.0% of 39777200 bytes
 79.0% of 39777200 bytes
 80.0% of 39777200 bytes
 81.0% of 39777200 bytes
 82.0% of 39777200 bytes
 83.0% of 39777200 bytes
 84.0% of 39777200 bytes
 85.0% of 39777200 bytes
 86.0% of 39777200 bytes
 86.0% of 39777200 bytes
 87.0% of 39777200 bytes
 88.0% of 39777200 bytes
 89.0% of 39777200 bytes
 90.0% of 39777200 bytes
 91.0% of 39777200 bytes
 92.0% of 39777200 bytes
 93.0% of 39777200 bytes
 94.0% of 39777200 bytes
 95.0% of 39777200 bytes
 96.0% of 39777200 bytes
 97.0% of 39777200 bytes
 98.0% of 39777200 bytes
 99.0% of 39777200 bytes
blast successfully downloaded!
NOTICE: Permission denied accessing /sw/bioinfo/quast/5.0.2/rackham/lib/python3.7/site-packages/quast_libs/silva. Silva will be downloaded to home directory /home/jay/.quast

Downloading SILVA 16S ribosomal RNA gene database...
 0.0% of 177015356 bytes
 1.0% of 177015356 bytes
 2.0% of 177015356 bytes
 3.0% of 177015356 bytes
 4.0% of 177015356 bytes
 5.0% of 177015356 bytes
 6.0% of 177015356 bytes
 7.0% of 177015356 bytes
 8.0% of 177015356 bytes
 9.0% of 177015356 bytes
 10.0% of 177015356 bytes
 11.0% of 177015356 bytes
 12.0% of 177015356 bytes
 13.0% of 177015356 bytes
 14.0% of 177015356 bytes
 15.0% of 177015356 bytes
 16.0% of 177015356 bytes
 17.0% of 177015356 bytes
 18.0% of 177015356 bytes
 19.0% of 177015356 bytes
 20.0% of 177015356 bytes
 21.0% of 177015356 bytes
 22.0% of 177015356 bytes
 23.0% of 177015356 bytes
 24.0% of 177015356 bytes
 25.0% of 177015356 bytes
 26.0% of 177015356 bytes
 27.0% of 177015356 bytes
 28.0% of 177015356 bytes
 29.0% of 177015356 bytes
 30.0% of 177015356 bytes
 31.0% of 177015356 bytes
 32.0% of 177015356 bytes
 33.0% of 177015356 bytes
 34.0% of 177015356 bytes
 35.0% of 177015356 bytes
 36.0% of 177015356 bytes
 37.0% of 177015356 bytes
 38.0% of 177015356 bytes
 39.0% of 177015356 bytes
 40.0% of 177015356 bytes
 41.0% of 177015356 bytes
 42.0% of 177015356 bytes
 43.0% of 177015356 bytes
 44.0% of 177015356 bytes
 45.0% of 177015356 bytes
 46.0% of 177015356 bytes
 47.0% of 177015356 bytes
 48.0% of 177015356 bytes
 49.0% of 177015356 bytes
 50.0% of 177015356 bytes
 51.0% of 177015356 bytes
 52.0% of 177015356 bytes
 53.0% of 177015356 bytes
 54.0% of 177015356 bytes
 55.0% of 177015356 bytes
 56.0% of 177015356 bytes
 57.0% of 177015356 bytes
 58.0% of 177015356 bytes
 59.0% of 177015356 bytes
 60.0% of 177015356 bytes
 61.0% of 177015356 bytes
 62.0% of 177015356 bytes
 63.0% of 177015356 bytes
 64.0% of 177015356 bytes
 65.0% of 177015356 bytes
 66.0% of 177015356 bytes
 67.0% of 177015356 bytes
 68.0% of 177015356 bytes
 69.0% of 177015356 bytes
 70.0% of 177015356 bytes
 71.0% of 177015356 bytes
 72.0% of 177015356 bytes
 73.0% of 177015356 bytes
 74.0% of 177015356 bytes
 75.0% of 177015356 bytes
 76.0% of 177015356 bytes
 77.0% of 177015356 bytes
 78.0% of 177015356 bytes
 79.0% of 177015356 bytes
 80.0% of 177015356 bytes
 81.0% of 177015356 bytes
 82.0% of 177015356 bytes
 83.0% of 177015356 bytes
 84.0% of 177015356 bytes
 85.0% of 177015356 bytes
 86.0% of 177015356 bytes
 87.0% of 177015356 bytes
 88.0% of 177015356 bytes
 89.0% of 177015356 bytes
 90.0% of 177015356 bytes
 91.0% of 177015356 bytes
 92.0% of 177015356 bytes
 93.0% of 177015356 bytes
 94.0% of 177015356 bytes
 95.0% of 177015356 bytes
 96.0% of 177015356 bytes
 97.0% of 177015356 bytes
 98.0% of 177015356 bytes
 99.0% of 177015356 bytes
Processing downloaded file. Logging to /home/jay/.quast/silva/blastdb.log...
Unpacking and replacing " " with "_"...
Making BLAST database...
Running BlastN..
  processing final.contigs
  BLAST results for final.contigs are saved to /home/jay/genome_analysis_project/Genome-Analysis-VT22/analyses/02_genome_assembly/quast_eval_D1DNA/quast_downloaded_references/blast.res_final-contigs...


2022-04-19 16:14:41
Trying to download found references from NCBI. Totally 50 organisms to try.
  unidentified_marine_bacterioplankton                                      | not found in the NCBI database
  unidentified_marine_bacterioplankton was not found in NCBI database, trying to download the next best match
  Streptomyces_cyaneogriseus_subsp._noncyanogenus                           | successfully downloaded (total 1, 49 more to go)
  marine_metagenome                                                         | successfully downloaded (total 2, 48 more to go)
  marine_gamma_proteobacterium_HTCC2080                                     | successfully downloaded (total 3, 47 more to go)
  marine_bacterium_NAMAF003                                                 | not found in the NCBI database
  marine_bacterium_NAMAF003 was not found in NCBI database, trying to download the next best match
  Lishizhenia_caseinilytica                                                 | not found in the NCBI database
  Lishizhenia_caseinilytica was not found in NCBI database, trying to download the next best match
  Weeksella_virosa_DSM_16922                                                | successfully downloaded (total 4, 46 more to go)
  magnetic_coccus_MP17                                                      | not found in the NCBI database
  magnetic_coccus_MP17 was not found in NCBI database, trying to download the next best match
  Aurantimonas_manganoxydans_SI85-9A1                                       | successfully downloaded (total 5, 45 more to go)
  heterotrophic_extracellular_symbiont_BG-C2_of_Benthomodiolus_geikotsucola | not found in the NCBI database
  heterotrophic_extracellular_symbiont_BG-C2_of_Benthomodiolus_geikotsucola was not found in NCBI database, trying to download the next best match
  Arenicella_chitinivorans                                                  | successfully downloaded (total 6, 44 more to go)
  gamma_proteobacterium_SCGC_AB-629-P17                                     | successfully downloaded (total 7, 43 more to go)
  endosymbiont_of_Ridgeia_piscesae                                          | successfully downloaded (total 8, 42 more to go)
  denitrifying_bacterium_enrichment_culture_clone_NOB_2_C9                  | not found in the NCBI database
  denitrifying_bacterium_enrichment_culture_clone_NOB_2_C9 was not found in NCBI database, trying to download the next best match
  Desulfocurvus_vexinensis                                                  | successfully downloaded (total 9, 41 more to go)
  bacterium_symbiont_of_Idas_sp                                             | not found in the NCBI database
  bacterium_symbiont_of_Idas_sp was not found in NCBI database, trying to download the next best match
  Formosa_algae                                                             | successfully downloaded (total 10, 40 more to go)
  bacterium_rJ7                                                             | not found in the NCBI database
  bacterium_rJ7 was not found in NCBI database, trying to download the next best match
  bacterium_rJ14                                                            | not found in the NCBI database
  bacterium_rJ14 was not found in NCBI database, trying to download the next best match
  actinobacterium_GP-6                                                      | not found in the NCBI database
  actinobacterium_GP-6 was not found in NCBI database, trying to download the next best match
  Actinomycetales_bacterium_GP-5                                            | not found in the NCBI database
  bacterium_endosymbiont_of_Abyssogena_southwardae                          | not found in the NCBI database
  bacterium_endosymbiont_of_Abyssogena_southwardae was not found in NCBI database, trying to download the next best match
  bacterium_enrichment_culture_clone_M114                                   | not found in the NCBI database
  bacterium_enrichment_culture_clone_M114 was not found in NCBI database, trying to download the next best match
  bacterium_enrichment_culture_clone_58                                     | not found in the NCBI database
  bacterium_K2-75                                                           | not found in the NCBI database
  bacterium_K2-75 was not found in NCBI database, trying to download the next best match
  Nisaea_denitrificans_DSM_18348                                            | successfully downloaded (total 11, 37 more to go)
  bacterium_DG890                                                           | not found in the NCBI database
  bacterium_DG890 was not found in NCBI database, trying to download the next best match
  Owenweeksia_hongkongensis_DSM_17368                                       | successfully downloaded (total 12, 36 more to go)
  bacterium_D78                                                             | not found in the NCBI database
  bacterium_D78 was not found in NCBI database, trying to download the next best match
  Oceanibaculum_pacificum                                                   | successfully downloaded (total 13, 35 more to go)
  alpha_proteobacterium_SCGC_AAA015-O19                                     | successfully downloaded (total 14, 34 more to go)
  Zymomonas_mobilis                                                         | successfully downloaded (total 15, 33 more to go)
  Vibrio_sinaloensis                                                        | successfully downloaded (total 16, 32 more to go)
  Vesicomya_sp._mt-II_symbiont                                              | not found in the NCBI database
  Vesicomya_sp._mt-II_symbiont was not found in NCBI database, trying to download the next best match
  Calyptogena_sp._Florida_gill_symbiont                                     | not found in the NCBI database
  Calyptogena_sp._Florida_gill_symbiont was not found in NCBI database, trying to download the next best match
  Calyptogena_fossajaponica_gill_thioautotophic_symbiont                    | not found in the NCBI database
  Verrucomicrobia_bacterium_WY51                                            | not found in the NCBI database
  Verrucomicrobia_bacterium_WY51 was not found in NCBI database, trying to download the next best match
  Haloferula_harenae                                                        | not found in the NCBI database
  Haloferula_harenae was not found in NCBI database, trying to download the next best match
  Haloferula_phyci                                                          | not found in the NCBI database
  Haloferula_phyci was not found in NCBI database, trying to download the next best match
  Verrucomicrobium_sp._KLE1210                                              | not found in the NCBI database
  Ureaplasma_sp._ES2783-GEN                                                 | not found in the NCBI database
  Uncultured_Pseudospirillum_sp                                             | not found in the NCBI database
  Uncultured_Pseudospirillum_sp was not found in NCBI database, trying to download the next best match
  Haliea_sp._ETY-M                                                          | not found in the NCBI database
  Haliea_sp._ETY-M was not found in NCBI database, trying to download the next best match
  Pseudohongiella_spirulinae                                                | successfully downloaded (total 17, 28 more to go)
  Thiodictyon_elegans                                                       | not found in the NCBI database
  Thiodictyon_elegans was not found in NCBI database, trying to download the next best match
  Thiodictyon_bacillosum                                                    | not found in the NCBI database
  Thiodictyon_bacillosum was not found in NCBI database, trying to download the next best match
  Pseudoalteromonas_tunicata_D2                                             | successfully downloaded (total 18, 27 more to go)
  Thioalkalivibrio_sulfidiphilus_HL-EbGr7                                   | successfully downloaded (total 19, 26 more to go)
  Thermoplasmatales_archaeon_A-plasma                                       | successfully downloaded (total 20, 25 more to go)
  Thalassobaculum_salexigens_DSM_19539                                      | successfully downloaded (total 21, 24 more to go)
  Syntrophus_aciditrophicus                                                 | successfully downloaded (total 22, 23 more to go)
  Synechococcus_sp._RCC307                                                  | successfully downloaded (total 23, 22 more to go)
  Synechococcus_sp._KORDI-49                                                | successfully downloaded (total 24, 21 more to go)
  Spongiibacter_tropicus_DSM_19543                                          | successfully downloaded (total 25, 20 more to go)
  Sphingobium_sp._GR1                                                       | not found in the NCBI database
  Sphingobium_sp._GR1 was not found in NCBI database, trying to download the next best match
  Sphingobium_sp._FL24                                                      | not found in the NCBI database
  Sphingobium_sp._FL24 was not found in NCBI database, trying to download the next best match
  Sphingobium_sp._IT-4                                                      | not found in the NCBI database
  Sphingobium_sp._IT-4 was not found in NCBI database, trying to download the next best match
  Sphingobium_czechense_LL01                                                | successfully downloaded (total 26, 19 more to go)
  Sinobacterium_caligoides                                                  | successfully downloaded (total 27, 18 more to go)
  Shewanella_amazonensis_SB2B                                               | successfully downloaded (total 28, 17 more to go)
  Serratia_symbiotica                                                       | successfully downloaded (total 29, 16 more to go)
  Ruegeria_sp._enrichment_culture_clone_KSE55-3                             | not found in the NCBI database
  Ruegeria_sp._enrichment_culture_clone_KSE55-3 was not found in NCBI database, trying to download the next best match
  Thalassobacter_sp._W-2-2                                                  | not found in the NCBI database
  Thalassobacter_sp._W-2-2 was not found in NCBI database, trying to download the next best match
  Tateyamaria_sp._ANG-S1                                                    | successfully downloaded (total 30, 15 more to go)
  Roseobacter_sp._SK209-2-6                                                 | successfully downloaded (total 31, 14 more to go)
  Roseibacterium_elongatum_DSM_19469                                        | successfully downloaded (total 32, 13 more to go)
  Rhodobacteraceae_bacterium_HIMB11                                         | successfully downloaded (total 33, 12 more to go)
  Puniceicoccus_vermicola                                                   | successfully downloaded (total 34, 11 more to go)
  Psychroserpens_sp._PAMC_27130                                             | successfully downloaded (total 35, 10 more to go)
  Pseudoalteromonas_atlantica_T6c                                           | successfully downloaded (total 36, 9 more to go)
  Prosthecobacter_debontii                                                  | successfully downloaded (total 37, 8 more to go)
  Porticoccus_hydrocarbonoclasticus_MCTG13d                                 | successfully downloaded (total 38, 7 more to go)
  Polaribacter_sp._KYW_601                                                  | not found in the NCBI database
  Polaribacter_sp._KYW_601 was not found in NCBI database, trying to download the next best match
  Polaribacter_sp._KYW612                                                   | not found in the NCBI database
  Polaribacter_sp._KYW612 was not found in NCBI database, trying to download the next best match
  Polaribacter_sp._SM1202                                                   | not found in the NCBI database
  Polaribacter_sp._SM1202 was not found in NCBI database, trying to download the next best match
  Polaribacter_sp._USW115                                                   | not found in the NCBI database
  Planctomyces_maris_DSM_8797                                               | successfully downloaded (total 39, 5 more to go)
  Pirellula_sp                                                              | not found in the NCBI database
  Pirellula_sp was not found in NCBI database, trying to download the next best match
  Blastopirellula_marina                                                    | successfully downloaded (total 40, 4 more to go)
  Photobacterium_halotolerans                                               | successfully downloaded (total 41, 3 more to go)
  Pelagicoccus_croceus                                                      | not found in the NCBI database
  Pelagicoccus_croceus was not found in NCBI database, trying to download the next best match
  marine_bacterium_RS.Sph.002                                               | not found in the NCBI database
  marine_bacterium_RS.Sph.002 was not found in NCBI database, trying to download the next best match
  Pelagicoccus_mobilis                                                      | successfully downloaded (total 42, 2 more to go)
  Pararhodospirillum_sulfurexigens                                          | not found in the NCBI database
  Pararhodospirillum_sulfurexigens was not found in NCBI database, trying to download the next best match
  Rhodothalassium_salexigens                                                | successfully downloaded (total 43, 1 more to go)
  Paenibacillus_sp._SJH06                                                   | not found in the NCBI database
  Paenibacillus_sp._SJH06 was not found in NCBI database, trying to download the next best match
  Dehalobacter_restrictus_DSM_9455                                          | successfully downloaded (total 44, 0 more to go)

Downloaded reference(s):
  /home/jay/genome_analysis_project/Genome-Analysis-VT22/analyses/02_genome_assembly/quast_eval_D1DNA/quast_downloaded_references/Arenicella_chitinivorans.fasta ==> Arenicella_chitinivorans
  /home/jay/genome_analysis_project/Genome-Analysis-VT22/analyses/02_genome_assembly/quast_eval_D1DNA/quast_downloaded_references/Aurantimonas_manganoxydans_SI85_9A1.fasta ==> Aurantimonas_manganoxydans_SI85_9A1
  /home/jay/genome_analysis_project/Genome-Analysis-VT22/analyses/02_genome_assembly/quast_eval_D1DNA/quast_downloaded_references/Blastopirellula_marina.fasta ==> Blastopirellula_marina
  /home/jay/genome_analysis_project/Genome-Analysis-VT22/analyses/02_genome_assembly/quast_eval_D1DNA/quast_downloaded_references/Dehalobacter_restrictus_DSM_9455.fasta ==> Dehalobacter_restrictus_DSM_9455
  /home/jay/genome_analysis_project/Genome-Analysis-VT22/analyses/02_genome_assembly/quast_eval_D1DNA/quast_downloaded_references/Desulfocurvus_vexinensis.fasta ==> Desulfocurvus_vexinensis
  /home/jay/genome_analysis_project/Genome-Analysis-VT22/analyses/02_genome_assembly/quast_eval_D1DNA/quast_downloaded_references/Formosa_algae.fasta ==> Formosa_algae
  /home/jay/genome_analysis_project/Genome-Analysis-VT22/analyses/02_genome_assembly/quast_eval_D1DNA/quast_downloaded_references/Nisaea_denitrificans_DSM_18348.fasta ==> Nisaea_denitrificans_DSM_18348
  /home/jay/genome_analysis_project/Genome-Analysis-VT22/analyses/02_genome_assembly/quast_eval_D1DNA/quast_downloaded_references/Oceanibaculum_pacificum.fasta ==> Oceanibaculum_pacificum
  /home/jay/genome_analysis_project/Genome-Analysis-VT22/analyses/02_genome_assembly/quast_eval_D1DNA/quast_downloaded_references/Owenweeksia_hongkongensis_DSM_17368.fasta ==> Owenweeksia_hongkongensis_DSM_17368
  /home/jay/genome_analysis_project/Genome-Analysis-VT22/analyses/02_genome_assembly/quast_eval_D1DNA/quast_downloaded_references/Pelagicoccus_mobilis.fasta ==> Pelagicoccus_mobilis
  /home/jay/genome_analysis_project/Genome-Analysis-VT22/analyses/02_genome_assembly/quast_eval_D1DNA/quast_downloaded_references/Photobacterium_halotolerans.fasta ==> Photobacterium_halotolerans
  /home/jay/genome_analysis_project/Genome-Analysis-VT22/analyses/02_genome_assembly/quast_eval_D1DNA/quast_downloaded_references/Planctomyces_maris_DSM_8797.fasta ==> Planctomyces_maris_DSM_8797
  /home/jay/genome_analysis_project/Genome-Analysis-VT22/analyses/02_genome_assembly/quast_eval_D1DNA/quast_downloaded_references/Porticoccus_hydrocarbonoclasticus_MCTG13d.fasta ==> Porticoccus_hydrocarbonoclasticus_MCTG13d
  /home/jay/genome_analysis_project/Genome-Analysis-VT22/analyses/02_genome_assembly/quast_eval_D1DNA/quast_downloaded_references/Prosthecobacter_debontii.fasta ==> Prosthecobacter_debontii
  /home/jay/genome_analysis_project/Genome-Analysis-VT22/analyses/02_genome_assembly/quast_eval_D1DNA/quast_downloaded_references/Pseudoalteromonas_atlantica_T6c.fasta ==> Pseudoalteromonas_atlantica_T6c
  /home/jay/genome_analysis_project/Genome-Analysis-VT22/analyses/02_genome_assembly/quast_eval_D1DNA/quast_downloaded_references/Pseudoalteromonas_tunicata_D2.fasta ==> Pseudoalteromonas_tunicata_D2
  /home/jay/genome_analysis_project/Genome-Analysis-VT22/analyses/02_genome_assembly/quast_eval_D1DNA/quast_downloaded_references/Pseudohongiella_spirulinae.fasta ==> Pseudohongiella_spirulinae
  /home/jay/genome_analysis_project/Genome-Analysis-VT22/analyses/02_genome_assembly/quast_eval_D1DNA/quast_downloaded_references/Psychroserpens_sp._PAMC_27130.fasta ==> Psychroserpens_sp._PAMC_27130
  /home/jay/genome_analysis_project/Genome-Analysis-VT22/analyses/02_genome_assembly/quast_eval_D1DNA/quast_downloaded_references/Puniceicoccus_vermicola.fasta ==> Puniceicoccus_vermicola
  /home/jay/genome_analysis_project/Genome-Analysis-VT22/analyses/02_genome_assembly/quast_eval_D1DNA/quast_downloaded_references/Rhodobacteraceae_bacterium_HIMB11.fasta ==> Rhodobacteraceae_bacterium_HIMB11
  /home/jay/genome_analysis_project/Genome-Analysis-VT22/analyses/02_genome_assembly/quast_eval_D1DNA/quast_downloaded_references/Rhodothalassium_salexigens.fasta ==> Rhodothalassium_salexigens
  /home/jay/genome_analysis_project/Genome-Analysis-VT22/analyses/02_genome_assembly/quast_eval_D1DNA/quast_downloaded_references/Roseibacterium_elongatum_DSM_19469.fasta ==> Roseibacterium_elongatum_DSM_19469
  /home/jay/genome_analysis_project/Genome-Analysis-VT22/analyses/02_genome_assembly/quast_eval_D1DNA/quast_downloaded_references/Roseobacter_sp._SK209_2_6.fasta ==> Roseobacter_sp._SK209_2_6
  /home/jay/genome_analysis_project/Genome-Analysis-VT22/analyses/02_genome_assembly/quast_eval_D1DNA/quast_downloaded_references/Serratia_symbiotica.fasta ==> Serratia_symbiotica
  /home/jay/genome_analysis_project/Genome-Analysis-VT22/analyses/02_genome_assembly/quast_eval_D1DNA/quast_downloaded_references/Shewanella_amazonensis_SB2B.fasta ==> Shewanella_amazonensis_SB2B
  /home/jay/genome_analysis_project/Genome-Analysis-VT22/analyses/02_genome_assembly/quast_eval_D1DNA/quast_downloaded_references/Sinobacterium_caligoides.fasta ==> Sinobacterium_caligoides
  /home/jay/genome_analysis_project/Genome-Analysis-VT22/analyses/02_genome_assembly/quast_eval_D1DNA/quast_downloaded_references/Sphingobium_czechense_LL01.fasta ==> Sphingobium_czechense_LL01
  /home/jay/genome_analysis_project/Genome-Analysis-VT22/analyses/02_genome_assembly/quast_eval_D1DNA/quast_downloaded_references/Spongiibacter_tropicus_DSM_19543.fasta ==> Spongiibacter_tropicus_DSM_19543
  /home/jay/genome_analysis_project/Genome-Analysis-VT22/analyses/02_genome_assembly/quast_eval_D1DNA/quast_downloaded_references/Streptomyces_cyaneogriseus_subsp._noncyanogenus.fasta ==> Streptomyces_cyaneogriseus_subsp._noncyanogenus
  /home/jay/genome_analysis_project/Genome-Analysis-VT22/analyses/02_genome_assembly/quast_eval_D1DNA/quast_downloaded_references/Synechococcus_sp._KORDI_49.fasta ==> Synechococcus_sp._KORDI_49
  /home/jay/genome_analysis_project/Genome-Analysis-VT22/analyses/02_genome_assembly/quast_eval_D1DNA/quast_downloaded_references/Synechococcus_sp._RCC307.fasta ==> Synechococcus_sp._RCC307
  /home/jay/genome_analysis_project/Genome-Analysis-VT22/analyses/02_genome_assembly/quast_eval_D1DNA/quast_downloaded_references/Syntrophus_aciditrophicus.fasta ==> Syntrophus_aciditrophicus
  /home/jay/genome_analysis_project/Genome-Analysis-VT22/analyses/02_genome_assembly/quast_eval_D1DNA/quast_downloaded_references/Tateyamaria_sp._ANG_S1.fasta ==> Tateyamaria_sp._ANG_S1
  /home/jay/genome_analysis_project/Genome-Analysis-VT22/analyses/02_genome_assembly/quast_eval_D1DNA/quast_downloaded_references/Thalassobaculum_salexigens_DSM_19539.fasta ==> Thalassobaculum_salexigens_DSM_19539
  /home/jay/genome_analysis_project/Genome-Analysis-VT22/analyses/02_genome_assembly/quast_eval_D1DNA/quast_downloaded_references/Thermoplasmatales_archaeon_A_plasma.fasta ==> Thermoplasmatales_archaeon_A_plasma
  /home/jay/genome_analysis_project/Genome-Analysis-VT22/analyses/02_genome_assembly/quast_eval_D1DNA/quast_downloaded_references/Thioalkalivibrio_sulfidiphilus_HL_EbGr7.fasta ==> Thioalkalivibrio_sulfidiphilus_HL_EbGr7
  /home/jay/genome_analysis_project/Genome-Analysis-VT22/analyses/02_genome_assembly/quast_eval_D1DNA/quast_downloaded_references/Vibrio_sinaloensis.fasta ==> Vibrio_sinaloensis
  /home/jay/genome_analysis_project/Genome-Analysis-VT22/analyses/02_genome_assembly/quast_eval_D1DNA/quast_downloaded_references/Weeksella_virosa_DSM_16922.fasta ==> Weeksella_virosa_DSM_16922
  /home/jay/genome_analysis_project/Genome-Analysis-VT22/analyses/02_genome_assembly/quast_eval_D1DNA/quast_downloaded_references/Zymomonas_mobilis.fasta ==> Zymomonas_mobilis
  /home/jay/genome_analysis_project/Genome-Analysis-VT22/analyses/02_genome_assembly/quast_eval_D1DNA/quast_downloaded_references/alpha_proteobacterium_SCGC_AAA015_O19.fasta ==> alpha_proteobacterium_SCGC_AAA015_O19
  /home/jay/genome_analysis_project/Genome-Analysis-VT22/analyses/02_genome_assembly/quast_eval_D1DNA/quast_downloaded_references/endosymbiont_of_Ridgeia_piscesae.fasta ==> endosymbiont_of_Ridgeia_piscesae
  /home/jay/genome_analysis_project/Genome-Analysis-VT22/analyses/02_genome_assembly/quast_eval_D1DNA/quast_downloaded_references/gamma_proteobacterium_SCGC_AB_629_P17.fasta ==> gamma_proteobacterium_SCGC_AB_629_P17
  /home/jay/genome_analysis_project/Genome-Analysis-VT22/analyses/02_genome_assembly/quast_eval_D1DNA/quast_downloaded_references/marine_gamma_proteobacterium_HTCC2080.fasta ==> marine_gamma_proteobacterium_HTCC2080
  /home/jay/genome_analysis_project/Genome-Analysis-VT22/analyses/02_genome_assembly/quast_eval_D1DNA/quast_downloaded_references/marine_metagenome.fasta ==> marine_metagenome
  All references were combined in combined_reference.fasta

Starting quast.py for the combined reference...
/sw/bioinfo/quast/5.0.2/rackham/bin/quast.py --combined-ref --colors #E31A1C --ls solid --ambiguity-usage all /home/jay/genome_analysis_project/Genome-Analysis-VT22/data/assembly/D1DNA_assembly/megahit_04-18/final.contigs.fa -R /home/jay/genome_analysis_project/Genome-Analysis-VT22/analyses/02_genome_assembly/quast_eval_D1DNA/quast_corrected_input/combined_reference.fasta -o /home/jay/genome_analysis_project/Genome-Analysis-VT22/analyses/02_genome_assembly/quast_eval_D1DNA/combined_reference --labels final.contigs

Started: 2022-04-19 16:47:12

Logging to /home/jay/genome_analysis_project/Genome-Analysis-VT22/analyses/02_genome_assembly/quast_eval_D1DNA/combined_reference/quast.log
NOTICE: Maximum number of threads is set to 4 (use --threads option to set it manually)

CWD: /scratch/6133880
Main parameters: 
  MODE: meta, threads: 4, minimum contig length: 500, minimum alignment length: 65, ambiguity: all, \
  threshold for extensive misassembly size: 1000

Reference:
  /home/jay/genome_analysis_project/Genome-Analysis-VT22/analyses/02_genome_assembly/quast_eval_D1DNA/quast_corrected_input/combined_reference.fasta ==> combined_reference

Contigs:
  Pre-processing...
  /home/jay/genome_analysis_project/Genome-Analysis-VT22/data/assembly/D1DNA_assembly/megahit_04-18/final.contigs.fa ==> final.contigs

2022-04-19 16:47:18
Running Basic statistics processor...
